TN:
SF:C:\Users\gwenbinya\Desktop\Property-Pro-Lite/env.js
FNF:0
FNH:0
DA:1,1
DA:3,1
LF:2
LH:2
BRF:0
BRH:0
end_of_record
TN:
SF:C:\Users\gwenbinya\Desktop\Property-Pro-Lite\server\src\v1/app.js
FN:13,(anonymous_1)
FNF:1
FNH:1
FNDA:1,(anonymous_1)
DA:1,1
DA:2,1
DA:4,1
DA:6,1
DA:8,1
DA:10,1
DA:11,1
DA:13,1
DA:15,1
LF:9
LH:9
BRDA:8,0,0,1
BRDA:8,0,1,1
BRF:2
BRH:2
end_of_record
TN:
SF:C:\Users\gwenbinya\Desktop\Property-Pro-Lite\server\src\v1\controllers/property.js
FN:3,createPropertyAd
FN:39,fetchAllProperties
FN:47,findAdsOfSpecificType
FN:57,fetchSpecificProperty
FN:76,deletePropertyAd
FN:88,fetchMyads
FN:106,editPropertyAd
FN:120,editPropertyAdImage
FN:133,markPropertySold
FNF:9
FNH:8
FNDA:1,createPropertyAd
FNDA:1,fetchAllProperties
FNDA:1,findAdsOfSpecificType
FNDA:2,fetchSpecificProperty
FNDA:1,deletePropertyAd
FNDA:2,fetchMyads
FNDA:2,editPropertyAd
FNDA:1,editPropertyAdImage
FNDA:0,markPropertySold
DA:1,1
DA:3,1
DA:4,1
DA:5,1
DA:9,1
DA:11,1
DA:12,1
DA:13,1
DA:14,1
DA:15,1
DA:16,1
DA:17,1
DA:19,1
DA:31,1
DA:33,1
DA:39,1
DA:40,1
DA:41,1
DA:47,1
DA:48,1
DA:49,1
DA:50,1
DA:51,1
DA:57,1
DA:58,2
DA:59,2
DA:61,2
DA:62,1
DA:68,1
DA:69,1
DA:76,1
DA:77,1
DA:78,1
DA:80,1
DA:81,1
DA:88,1
DA:89,2
DA:90,2
DA:92,2
DA:93,1
DA:99,1
DA:100,1
DA:106,2
DA:107,2
DA:108,2
DA:109,2
DA:113,2
DA:114,2
DA:120,1
DA:121,1
DA:122,1
DA:123,1
DA:126,1
DA:127,1
DA:133,1
DA:134,0
DA:135,0
DA:136,0
LF:58
LH:55
BRDA:61,0,0,1
BRDA:61,0,1,1
BRDA:68,1,0,1
BRDA:68,1,1,0
BRDA:80,2,0,1
BRDA:80,2,1,0
BRDA:92,3,0,1
BRDA:92,3,1,1
BRDA:99,4,0,1
BRDA:99,4,1,0
BRF:10
BRH:7
end_of_record
TN:
SF:C:\Users\gwenbinya\Desktop\Property-Pro-Lite\server\src\v1\controllers/user.js
FN:5,createNewUser
FN:43,authUser
FN:52,(anonymous_3)
FNF:3
FNH:3
FNDA:1,createNewUser
FNDA:2,authUser
FNDA:2,(anonymous_3)
DA:1,1
DA:2,1
DA:3,1
DA:5,1
DA:8,1
DA:11,1
DA:12,1
DA:13,1
DA:14,1
DA:17,1
DA:18,1
DA:20,1
DA:28,1
DA:29,1
DA:43,2
DA:44,2
DA:47,2
DA:48,2
DA:50,2
DA:52,2
DA:54,2
DA:56,2
DA:57,1
DA:58,1
DA:71,1
DA:72,1
LF:26
LH:26
BRDA:54,0,0,0
BRDA:54,0,1,2
BRDA:56,1,0,1
BRDA:56,1,1,1
BRDA:71,2,0,1
BRDA:71,2,1,0
BRF:6
BRH:4
end_of_record
TN:
SF:C:\Users\gwenbinya\Desktop\Property-Pro-Lite\server\src\v1\middlewares/cloudinary.js
FN:4,cloudinaryConfig
FNF:1
FNH:1
FNDA:12,cloudinaryConfig
DA:1,1
DA:2,1
DA:4,1
DA:5,12
DA:10,12
LF:5
LH:5
BRF:0
BRH:0
end_of_record
TN:
SF:C:\Users\gwenbinya\Desktop\Property-Pro-Lite\server\src\v1\middlewares/inputValidators.js
FN:3,signUpValidator
FN:53,loginValidator
FN:86,postPropertyAdValiadator
FN:156,editPropertyAdPriceValidator
FN:167,editPropertyAdTitleValidator
FNF:5
FNH:5
FNDA:8,signUpValidator
FNDA:6,loginValidator
FNDA:10,postPropertyAdValiadator
FNDA:1,editPropertyAdPriceValidator
FNDA:1,editPropertyAdTitleValidator
DA:1,1
DA:3,8
DA:6,8
DA:9,8
DA:10,1
DA:16,7
DA:17,1
DA:23,6
DA:24,1
DA:30,5
DA:31,1
DA:38,4
DA:39,1
DA:44,3
DA:45,1
DA:50,2
DA:53,6
DA:54,6
DA:56,6
DA:57,1
DA:63,5
DA:64,1
DA:70,4
DA:71,1
DA:77,3
DA:78,1
DA:83,2
DA:86,10
DA:89,10
DA:91,10
DA:92,1
DA:98,9
DA:99,1
DA:105,8
DA:106,1
DA:112,7
DA:113,1
DA:119,6
DA:120,1
DA:126,5
DA:127,1
DA:133,4
DA:134,1
DA:140,3
DA:141,1
DA:147,2
DA:148,1
DA:153,1
DA:156,1
DA:157,1
DA:158,1
DA:159,0
DA:164,1
DA:167,1
DA:168,1
DA:169,1
DA:170,0
DA:175,1
LF:58
LH:56
BRDA:9,0,0,1
BRDA:9,0,1,7
BRDA:16,1,0,1
BRDA:16,1,1,6
BRDA:23,2,0,1
BRDA:23,2,1,5
BRDA:30,3,0,1
BRDA:30,3,1,4
BRDA:38,4,0,1
BRDA:38,4,1,3
BRDA:44,5,0,1
BRDA:44,5,1,2
BRDA:56,6,0,1
BRDA:56,6,1,5
BRDA:63,7,0,1
BRDA:63,7,1,4
BRDA:70,8,0,1
BRDA:70,8,1,3
BRDA:77,9,0,1
BRDA:77,9,1,2
BRDA:91,10,0,1
BRDA:91,10,1,9
BRDA:98,11,0,1
BRDA:98,11,1,8
BRDA:105,12,0,1
BRDA:105,12,1,7
BRDA:112,13,0,1
BRDA:112,13,1,6
BRDA:119,14,0,1
BRDA:119,14,1,5
BRDA:126,15,0,1
BRDA:126,15,1,4
BRDA:133,16,0,1
BRDA:133,16,1,3
BRDA:140,17,0,1
BRDA:140,17,1,2
BRDA:147,18,0,1
BRDA:147,18,1,1
BRDA:158,19,0,0
BRDA:158,19,1,1
BRDA:169,20,0,0
BRDA:169,20,1,1
BRF:42
BRH:40
end_of_record
TN:
SF:C:\Users\gwenbinya\Desktop\Property-Pro-Lite\server\src\v1\middlewares/multer.js
FN:10,dataUri
FNF:1
FNH:1
FNDA:11,dataUri
DA:1,1
DA:2,1
DA:3,1
DA:5,1
DA:7,1
DA:8,1
DA:10,11
LF:7
LH:7
BRF:0
BRH:0
end_of_record
TN:
SF:C:\Users\gwenbinya\Desktop\Property-Pro-Lite\server\src\v1\middlewares/uploadImage.js
FN:4,uploadImage
FN:8,(anonymous_1)
FN:12,(anonymous_2)
FNF:3
FNH:2
FNDA:12,uploadImage
FNDA:11,(anonymous_1)
FNDA:0,(anonymous_2)
DA:1,1
DA:2,1
DA:4,1
DA:5,12
DA:6,11
DA:7,11
DA:9,11
DA:10,11
DA:12,0
DA:18,12
DA:19,1
DA:26,1
LF:12
LH:11
BRDA:5,0,0,11
BRDA:5,0,1,1
BRDA:18,1,0,1
BRDA:18,1,1,11
BRF:4
BRH:4
end_of_record
TN:
SF:C:\Users\gwenbinya\Desktop\Property-Pro-Lite\server\src\v1\middlewares/verify.js
FN:4,verifyNewUser
FN:17,verifyExistingUser
FN:30,verifyAuthUser
FN:41,(anonymous_4)
FNF:4
FNH:4
FNDA:2,verifyNewUser
FNDA:2,verifyExistingUser
FNDA:18,verifyAuthUser
FNDA:17,(anonymous_4)
DA:1,1
DA:2,1
DA:4,1
DA:5,2
DA:7,2
DA:8,2
DA:9,1
DA:14,1
DA:17,1
DA:18,2
DA:20,2
DA:21,2
DA:22,0
DA:27,2
DA:30,1
DA:32,18
DA:34,18
DA:35,1
DA:41,17
DA:42,17
DA:43,0
DA:48,17
DA:49,17
LF:23
LH:21
BRDA:8,0,0,1
BRDA:8,0,1,1
BRDA:21,1,0,0
BRDA:21,1,1,2
BRDA:34,2,0,1
BRDA:34,2,1,17
BRDA:42,3,0,0
BRDA:42,3,1,17
BRF:8
BRH:6
end_of_record
TN:
SF:C:\Users\gwenbinya\Desktop\Property-Pro-Lite\server\src\v1\models/Property.js
FN:5,Property
FN:10,findAll
FN:14,findAllMyAds
FN:15,(anonymous_12)
FN:18,findAdsOfSpecificType
FN:19,(anonymous_14)
FN:25,create
FN:47,findOne
FN:48,(anonymous_17)
FN:52,_delete
FN:54,(anonymous_19)
FN:60,update
FN:79,markPropertySold
FN:87,remove
FNF:14
FNH:12
FNDA:1,Property
FNDA:1,findAll
FNDA:2,findAllMyAds
FNDA:1,(anonymous_12)
FNDA:1,findAdsOfSpecificType
FNDA:0,(anonymous_14)
FNDA:7,create
FNDA:5,findOne
FNDA:4,(anonymous_17)
FNDA:1,_delete
FNDA:1,(anonymous_19)
FNDA:3,update
FNDA:0,markPropertySold
FNDA:22,remove
DA:1,1
DA:2,1
DA:5,1
DA:6,1
DA:11,1
DA:15,2
DA:19,1
DA:25,7
DA:26,7
DA:41,7
DA:43,7
DA:48,5
DA:54,1
DA:55,1
DA:56,1
DA:61,3
DA:62,3
DA:64,3
DA:65,1
DA:68,3
DA:69,1
DA:72,3
DA:73,1
DA:76,3
DA:80,0
DA:81,0
DA:82,0
DA:84,0
DA:88,22
DA:92,1
LF:30
LH:26
BRDA:24,0,0,7
BRDA:24,0,1,0
BRDA:64,1,0,1
BRDA:64,1,1,2
BRDA:68,2,0,1
BRDA:68,2,1,2
BRDA:72,3,0,1
BRDA:72,3,1,2
BRF:8
BRH:7
end_of_record
TN:
SF:C:\Users\gwenbinya\Desktop\Property-Pro-Lite\server\src\v1\models/User.js
FN:4,User
FN:10,create
FN:22,findByEmail
FN:23,(anonymous_8)
FN:26,findById
FN:27,(anonymous_10)
FN:30,remove
FNF:7
FNH:5
FNDA:1,User
FNDA:5,create
FNDA:6,findByEmail
FNDA:5,(anonymous_8)
FNDA:0,findById
FNDA:0,(anonymous_10)
FNDA:14,remove
DA:1,1
DA:4,1
DA:5,1
DA:10,5
DA:11,5
DA:18,5
DA:19,5
DA:23,6
DA:27,0
DA:31,14
DA:35,1
LF:11
LH:10
BRF:0
BRH:0
end_of_record
TN:
SF:C:\Users\gwenbinya\Desktop\Property-Pro-Lite\server\src\v1\models/index.js
FNF:0
FNH:0
DA:1,1
DA:2,1
DA:4,1
DA:9,1
LF:4
LH:4
BRF:0
BRH:0
end_of_record
TN:
SF:C:\Users\gwenbinya\Desktop\Property-Pro-Lite\server\src\v1\routes/index.js
FNF:0
FNH:0
DA:1,1
DA:2,1
DA:4,1
DA:9,1
LF:4
LH:4
BRF:0
BRH:0
end_of_record
TN:
SF:C:\Users\gwenbinya\Desktop\Property-Pro-Lite\server\src\v1\routes/properties.js
FNF:0
FNH:0
DA:1,1
DA:2,1
DA:3,1
DA:4,1
DA:5,1
DA:16,1
DA:21,1
DA:23,1
DA:25,1
DA:26,1
DA:27,1
DA:30,1
DA:32,1
DA:33,1
DA:34,1
DA:35,1
DA:36,1
DA:37,1
DA:38,1
DA:41,1
LF:20
LH:20
BRF:0
BRH:0
end_of_record
TN:
SF:C:\Users\gwenbinya\Desktop\Property-Pro-Lite\server\src\v1\routes/users.js
FNF:0
FNH:0
DA:1,1
DA:2,1
DA:3,1
DA:4,1
DA:7,1
DA:9,1
DA:10,1
DA:13,1
LF:8
LH:8
BRF:0
BRH:0
end_of_record
TN:
SF:C:\Users\gwenbinya\Desktop\Property-Pro-Lite\server\src\v1\utils/authService.js
FN:4,generateToken
FNF:1
FNH:1
FNDA:3,generateToken
DA:1,1
DA:2,1
DA:4,1
DA:5,3
DA:10,3
DA:13,1
LF:6
LH:6
BRF:0
BRH:0
end_of_record
