{"C:\\Users\\gwenbinya\\Desktop\\challenge3\\Property-Pro-Lite\\server\\src\\v1\\app.js":{"path":"C:\\Users\\gwenbinya\\Desktop\\challenge3\\Property-Pro-Lite\\server\\src\\v1\\app.js","statementMap":{"0":{"start":{"line":3,"column":0},"end":{"line":5,"column":3}},"1":{"start":{"line":6,"column":0},"end":{"line":6,"column":28}},"2":{"start":{"line":8,"column":15},"end":{"line":8,"column":57}},"3":{"start":{"line":10,"column":14},"end":{"line":10,"column":57}},"4":{"start":{"line":12,"column":39},"end":{"line":12,"column":95}},"5":{"start":{"line":14,"column":10},"end":{"line":14,"column":36}},"6":{"start":{"line":15,"column":0},"end":{"line":15,"column":36}},"7":{"start":{"line":16,"column":0},"end":{"line":18,"column":3}},"8":{"start":{"line":17,"column":2},"end":{"line":17,"column":128}},"9":{"start":{"line":19,"column":11},"end":{"line":19,"column":35}},"10":{"start":{"line":20,"column":0},"end":{"line":20,"column":45}},"11":{"start":{"line":21,"column":0},"end":{"line":21,"column":59}},"12":{"start":{"line":22,"column":0},"end":{"line":24,"column":3}},"13":{"start":{"line":23,"column":2},"end":{"line":23,"column":61}},"14":{"start":{"line":25,"column":15},"end":{"line":25,"column":18}},"15":{"start":{"line":26,"column":0},"end":{"line":26,"column":30}}},"fnMap":{"0":{"name":"_interopRequireDefault","decl":{"start":{"line":12,"column":9},"end":{"line":12,"column":31}},"loc":{"start":{"line":12,"column":37},"end":{"line":12,"column":97}},"line":12},"1":{"name":"(anonymous_1)","decl":{"start":{"line":16,"column":13},"end":{"line":16,"column":14}},"loc":{"start":{"line":16,"column":33},"end":{"line":18,"column":1}},"line":16},"2":{"name":"(anonymous_2)","decl":{"start":{"line":22,"column":17},"end":{"line":22,"column":18}},"loc":{"start":{"line":22,"column":29},"end":{"line":24,"column":1}},"line":22}},"branchMap":{"0":{"loc":{"start":{"line":12,"column":46},"end":{"line":12,"column":94}},"type":"cond-expr","locations":[{"start":{"line":12,"column":70},"end":{"line":12,"column":73}},{"start":{"line":12,"column":76},"end":{"line":12,"column":94}}],"line":12},"1":{"loc":{"start":{"line":12,"column":46},"end":{"line":12,"column":67}},"type":"binary-expr","locations":[{"start":{"line":12,"column":46},"end":{"line":12,"column":49}},{"start":{"line":12,"column":53},"end":{"line":12,"column":67}}],"line":12},"2":{"loc":{"start":{"line":19,"column":11},"end":{"line":19,"column":35}},"type":"binary-expr","locations":[{"start":{"line":19,"column":11},"end":{"line":19,"column":27}},{"start":{"line":19,"column":31},"end":{"line":19,"column":35}}],"line":19}},"s":{"0":1,"1":1,"2":1,"3":1,"4":2,"5":1,"6":1,"7":1,"8":0,"9":1,"10":1,"11":1,"12":1,"13":1,"14":1,"15":1},"f":{"0":2,"1":0,"2":1},"b":{"0":[1,1],"1":[2,2],"2":[1,1]},"_coverageSchema":"43e27e138ebf9cfc5966b082cf9a028302ed4184","hash":"7a3af0b076697df924157fb0492b4a969e7e21c5","contentHash":"fb1836c5bd073bf119cc5f0f4d55e1b073ca480074d0783ba0c7985fca8333fc"},"C:\\Users\\gwenbinya\\Desktop\\challenge3\\Property-Pro-Lite\\server\\src\\v1\\routes\\index.js":{"path":"C:\\Users\\gwenbinya\\Desktop\\challenge3\\Property-Pro-Lite\\server\\src\\v1\\routes\\index.js","statementMap":{"0":{"start":{"line":3,"column":0},"end":{"line":5,"column":3}},"1":{"start":{"line":6,"column":0},"end":{"line":6,"column":28}},"2":{"start":{"line":8,"column":13},"end":{"line":8,"column":55}},"3":{"start":{"line":10,"column":18},"end":{"line":10,"column":65}},"4":{"start":{"line":12,"column":39},"end":{"line":12,"column":95}},"5":{"start":{"line":14,"column":13},"end":{"line":17,"column":1}},"6":{"start":{"line":18,"column":15},"end":{"line":18,"column":21}},"7":{"start":{"line":19,"column":0},"end":{"line":19,"column":30}}},"fnMap":{"0":{"name":"_interopRequireDefault","decl":{"start":{"line":12,"column":9},"end":{"line":12,"column":31}},"loc":{"start":{"line":12,"column":37},"end":{"line":12,"column":97}},"line":12}},"branchMap":{"0":{"loc":{"start":{"line":12,"column":46},"end":{"line":12,"column":94}},"type":"cond-expr","locations":[{"start":{"line":12,"column":70},"end":{"line":12,"column":73}},{"start":{"line":12,"column":76},"end":{"line":12,"column":94}}],"line":12},"1":{"loc":{"start":{"line":12,"column":46},"end":{"line":12,"column":67}},"type":"binary-expr","locations":[{"start":{"line":12,"column":46},"end":{"line":12,"column":49}},{"start":{"line":12,"column":53},"end":{"line":12,"column":67}}],"line":12}},"s":{"0":1,"1":1,"2":1,"3":1,"4":2,"5":1,"6":1,"7":1},"f":{"0":2},"b":{"0":[2,0],"1":[2,2]},"_coverageSchema":"43e27e138ebf9cfc5966b082cf9a028302ed4184","hash":"90b04a7119fb6647150acacfb6ed3f28460eadc5","contentHash":"d174928e420c7f9d63863b3f9c730d1d111f913a23a9ae9bcad3b6d90cb63bd5"},"C:\\Users\\gwenbinya\\Desktop\\challenge3\\Property-Pro-Lite\\server\\src\\v1\\routes\\users.js":{"path":"C:\\Users\\gwenbinya\\Desktop\\challenge3\\Property-Pro-Lite\\server\\src\\v1\\routes\\users.js","statementMap":{"0":{"start":{"line":3,"column":0},"end":{"line":5,"column":3}},"1":{"start":{"line":6,"column":0},"end":{"line":6,"column":28}},"2":{"start":{"line":8,"column":15},"end":{"line":8,"column":33}},"3":{"start":{"line":10,"column":23},"end":{"line":10,"column":64}},"4":{"start":{"line":12,"column":14},"end":{"line":12,"column":46}},"5":{"start":{"line":14,"column":12},"end":{"line":14,"column":42}},"6":{"start":{"line":16,"column":13},"end":{"line":16,"column":35}},"7":{"start":{"line":17,"column":0},"end":{"line":17,"column":106}},"8":{"start":{"line":18,"column":0},"end":{"line":18,"column":105}},"9":{"start":{"line":19,"column":15},"end":{"line":19,"column":21}},"10":{"start":{"line":20,"column":0},"end":{"line":20,"column":30}}},"fnMap":{},"branchMap":{},"s":{"0":1,"1":1,"2":1,"3":1,"4":1,"5":1,"6":1,"7":1,"8":1,"9":1,"10":1},"f":{},"b":{},"_coverageSchema":"43e27e138ebf9cfc5966b082cf9a028302ed4184","hash":"9469d49a535bda8d0ec71ab14722c920b81251bd","contentHash":"05e377962df3f6e37247ba757dd29a30ffb9a8b927b6bfdd500993c7750c752a"},"C:\\Users\\gwenbinya\\Desktop\\challenge3\\Property-Pro-Lite\\server\\src\\v1\\middlewares\\inputValidators.js":{"path":"C:\\Users\\gwenbinya\\Desktop\\challenge3\\Property-Pro-Lite\\server\\src\\v1\\middlewares\\inputValidators.js","statementMap":{"0":{"start":{"line":3,"column":0},"end":{"line":5,"column":3}},"1":{"start":{"line":6,"column":0},"end":{"line":6,"column":119}},"2":{"start":{"line":7,"column":14},"end":{"line":7,"column":59}},"3":{"start":{"line":8,"column":14},"end":{"line":8,"column":72}},"4":{"start":{"line":10,"column":22},"end":{"line":61,"column":1}},"5":{"start":{"line":11,"column":18},"end":{"line":11,"column":26}},"6":{"start":{"line":12,"column":18},"end":{"line":12,"column":37}},"7":{"start":{"line":13,"column":17},"end":{"line":13,"column":35}},"8":{"start":{"line":14,"column":14},"end":{"line":14,"column":29}},"9":{"start":{"line":15,"column":17},"end":{"line":15,"column":35}},"10":{"start":{"line":17,"column":2},"end":{"line":22,"column":3}},"11":{"start":{"line":18,"column":4},"end":{"line":21,"column":7}},"12":{"start":{"line":24,"column":2},"end":{"line":29,"column":3}},"13":{"start":{"line":25,"column":4},"end":{"line":28,"column":7}},"14":{"start":{"line":31,"column":2},"end":{"line":36,"column":3}},"15":{"start":{"line":32,"column":4},"end":{"line":35,"column":7}},"16":{"start":{"line":38,"column":2},"end":{"line":43,"column":3}},"17":{"start":{"line":39,"column":4},"end":{"line":42,"column":7}},"18":{"start":{"line":46,"column":2},"end":{"line":51,"column":3}},"19":{"start":{"line":47,"column":4},"end":{"line":50,"column":7}},"20":{"start":{"line":53,"column":2},"end":{"line":58,"column":3}},"21":{"start":{"line":54,"column":4},"end":{"line":57,"column":7}},"22":{"start":{"line":60,"column":2},"end":{"line":60,"column":9}},"23":{"start":{"line":63,"column":0},"end":{"line":63,"column":42}},"24":{"start":{"line":65,"column":21},"end":{"line":85,"column":1}},"25":{"start":{"line":66,"column":19},"end":{"line":66,"column":27}},"26":{"start":{"line":67,"column":14},"end":{"line":67,"column":30}},"27":{"start":{"line":68,"column":17},"end":{"line":68,"column":36}},"28":{"start":{"line":70,"column":2},"end":{"line":75,"column":3}},"29":{"start":{"line":71,"column":4},"end":{"line":74,"column":7}},"30":{"start":{"line":77,"column":2},"end":{"line":82,"column":3}},"31":{"start":{"line":78,"column":4},"end":{"line":81,"column":7}},"32":{"start":{"line":84,"column":2},"end":{"line":84,"column":9}},"33":{"start":{"line":87,"column":0},"end":{"line":87,"column":40}},"34":{"start":{"line":89,"column":31},"end":{"line":163,"column":1}},"35":{"start":{"line":90,"column":19},"end":{"line":90,"column":27}},"36":{"start":{"line":91,"column":14},"end":{"line":91,"column":30}},"37":{"start":{"line":92,"column":16},"end":{"line":92,"column":34}},"38":{"start":{"line":93,"column":14},"end":{"line":93,"column":30}},"39":{"start":{"line":94,"column":13},"end":{"line":94,"column":28}},"40":{"start":{"line":95,"column":13},"end":{"line":95,"column":28}},"41":{"start":{"line":96,"column":14},"end":{"line":96,"column":30}},"42":{"start":{"line":97,"column":20},"end":{"line":97,"column":42}},"43":{"start":{"line":99,"column":2},"end":{"line":104,"column":3}},"44":{"start":{"line":100,"column":4},"end":{"line":103,"column":7}},"45":{"start":{"line":106,"column":2},"end":{"line":111,"column":3}},"46":{"start":{"line":107,"column":4},"end":{"line":110,"column":7}},"47":{"start":{"line":113,"column":2},"end":{"line":118,"column":3}},"48":{"start":{"line":114,"column":4},"end":{"line":117,"column":7}},"49":{"start":{"line":120,"column":2},"end":{"line":125,"column":3}},"50":{"start":{"line":121,"column":4},"end":{"line":124,"column":7}},"51":{"start":{"line":127,"column":2},"end":{"line":132,"column":3}},"52":{"start":{"line":128,"column":4},"end":{"line":131,"column":7}},"53":{"start":{"line":134,"column":2},"end":{"line":139,"column":3}},"54":{"start":{"line":135,"column":4},"end":{"line":138,"column":7}},"55":{"start":{"line":141,"column":2},"end":{"line":146,"column":3}},"56":{"start":{"line":142,"column":4},"end":{"line":145,"column":7}},"57":{"start":{"line":148,"column":2},"end":{"line":153,"column":3}},"58":{"start":{"line":149,"column":4},"end":{"line":152,"column":7}},"59":{"start":{"line":155,"column":2},"end":{"line":160,"column":3}},"60":{"start":{"line":156,"column":4},"end":{"line":159,"column":7}},"61":{"start":{"line":162,"column":2},"end":{"line":162,"column":9}},"62":{"start":{"line":165,"column":0},"end":{"line":165,"column":60}},"63":{"start":{"line":167,"column":22},"end":{"line":178,"column":1}},"64":{"start":{"line":168,"column":14},"end":{"line":168,"column":28}},"65":{"start":{"line":170,"column":2},"end":{"line":175,"column":3}},"66":{"start":{"line":171,"column":4},"end":{"line":174,"column":7}},"67":{"start":{"line":177,"column":2},"end":{"line":177,"column":9}},"68":{"start":{"line":180,"column":0},"end":{"line":180,"column":42}}},"fnMap":{"0":{"name":"signUpValidator","decl":{"start":{"line":10,"column":31},"end":{"line":10,"column":46}},"loc":{"start":{"line":10,"column":63},"end":{"line":61,"column":1}},"line":10},"1":{"name":"loginValidator","decl":{"start":{"line":65,"column":30},"end":{"line":65,"column":44}},"loc":{"start":{"line":65,"column":61},"end":{"line":85,"column":1}},"line":65},"2":{"name":"postPropertyAdValiadator","decl":{"start":{"line":89,"column":40},"end":{"line":89,"column":64}},"loc":{"start":{"line":89,"column":81},"end":{"line":163,"column":1}},"line":89},"3":{"name":"editAdValidator","decl":{"start":{"line":167,"column":31},"end":{"line":167,"column":46}},"loc":{"start":{"line":167,"column":63},"end":{"line":178,"column":1}},"line":167}},"branchMap":{"0":{"loc":{"start":{"line":17,"column":2},"end":{"line":22,"column":3}},"type":"if","locations":[{"start":{"line":17,"column":2},"end":{"line":22,"column":3}},{"start":{"line":17,"column":2},"end":{"line":22,"column":3}}],"line":17},"1":{"loc":{"start":{"line":17,"column":6},"end":{"line":17,"column":43}},"type":"binary-expr","locations":[{"start":{"line":17,"column":6},"end":{"line":17,"column":16}},{"start":{"line":17,"column":20},"end":{"line":17,"column":43}}],"line":17},"2":{"loc":{"start":{"line":24,"column":2},"end":{"line":29,"column":3}},"type":"if","locations":[{"start":{"line":24,"column":2},"end":{"line":29,"column":3}},{"start":{"line":24,"column":2},"end":{"line":29,"column":3}}],"line":24},"3":{"loc":{"start":{"line":24,"column":6},"end":{"line":24,"column":41}},"type":"binary-expr","locations":[{"start":{"line":24,"column":6},"end":{"line":24,"column":15}},{"start":{"line":24,"column":19},"end":{"line":24,"column":41}}],"line":24},"4":{"loc":{"start":{"line":31,"column":2},"end":{"line":36,"column":3}},"type":"if","locations":[{"start":{"line":31,"column":2},"end":{"line":36,"column":3}},{"start":{"line":31,"column":2},"end":{"line":36,"column":3}}],"line":31},"5":{"loc":{"start":{"line":31,"column":6},"end":{"line":31,"column":35}},"type":"binary-expr","locations":[{"start":{"line":31,"column":6},"end":{"line":31,"column":12}},{"start":{"line":31,"column":16},"end":{"line":31,"column":35}}],"line":31},"6":{"loc":{"start":{"line":38,"column":2},"end":{"line":43,"column":3}},"type":"if","locations":[{"start":{"line":38,"column":2},"end":{"line":43,"column":3}},{"start":{"line":38,"column":2},"end":{"line":43,"column":3}}],"line":38},"7":{"loc":{"start":{"line":38,"column":6},"end":{"line":38,"column":41}},"type":"binary-expr","locations":[{"start":{"line":38,"column":6},"end":{"line":38,"column":15}},{"start":{"line":38,"column":19},"end":{"line":38,"column":41}}],"line":38},"8":{"loc":{"start":{"line":46,"column":2},"end":{"line":51,"column":3}},"type":"if","locations":[{"start":{"line":46,"column":2},"end":{"line":51,"column":3}},{"start":{"line":46,"column":2},"end":{"line":51,"column":3}}],"line":46},"9":{"loc":{"start":{"line":53,"column":2},"end":{"line":58,"column":3}},"type":"if","locations":[{"start":{"line":53,"column":2},"end":{"line":58,"column":3}},{"start":{"line":53,"column":2},"end":{"line":58,"column":3}}],"line":53},"10":{"loc":{"start":{"line":70,"column":2},"end":{"line":75,"column":3}},"type":"if","locations":[{"start":{"line":70,"column":2},"end":{"line":75,"column":3}},{"start":{"line":70,"column":2},"end":{"line":75,"column":3}}],"line":70},"11":{"loc":{"start":{"line":70,"column":6},"end":{"line":70,"column":35}},"type":"binary-expr","locations":[{"start":{"line":70,"column":6},"end":{"line":70,"column":12}},{"start":{"line":70,"column":16},"end":{"line":70,"column":35}}],"line":70},"12":{"loc":{"start":{"line":77,"column":2},"end":{"line":82,"column":3}},"type":"if","locations":[{"start":{"line":77,"column":2},"end":{"line":82,"column":3}},{"start":{"line":77,"column":2},"end":{"line":82,"column":3}}],"line":77},"13":{"loc":{"start":{"line":77,"column":6},"end":{"line":77,"column":41}},"type":"binary-expr","locations":[{"start":{"line":77,"column":6},"end":{"line":77,"column":15}},{"start":{"line":77,"column":19},"end":{"line":77,"column":41}}],"line":77},"14":{"loc":{"start":{"line":99,"column":2},"end":{"line":104,"column":3}},"type":"if","locations":[{"start":{"line":99,"column":2},"end":{"line":104,"column":3}},{"start":{"line":99,"column":2},"end":{"line":104,"column":3}}],"line":99},"15":{"loc":{"start":{"line":99,"column":6},"end":{"line":99,"column":35}},"type":"binary-expr","locations":[{"start":{"line":99,"column":6},"end":{"line":99,"column":12}},{"start":{"line":99,"column":16},"end":{"line":99,"column":35}}],"line":99},"16":{"loc":{"start":{"line":106,"column":2},"end":{"line":111,"column":3}},"type":"if","locations":[{"start":{"line":106,"column":2},"end":{"line":111,"column":3}},{"start":{"line":106,"column":2},"end":{"line":111,"column":3}}],"line":106},"17":{"loc":{"start":{"line":106,"column":6},"end":{"line":106,"column":39}},"type":"binary-expr","locations":[{"start":{"line":106,"column":6},"end":{"line":106,"column":14}},{"start":{"line":106,"column":18},"end":{"line":106,"column":39}}],"line":106},"18":{"loc":{"start":{"line":113,"column":2},"end":{"line":118,"column":3}},"type":"if","locations":[{"start":{"line":113,"column":2},"end":{"line":118,"column":3}},{"start":{"line":113,"column":2},"end":{"line":118,"column":3}}],"line":113},"19":{"loc":{"start":{"line":113,"column":6},"end":{"line":113,"column":35}},"type":"binary-expr","locations":[{"start":{"line":113,"column":6},"end":{"line":113,"column":12}},{"start":{"line":113,"column":16},"end":{"line":113,"column":35}}],"line":113},"20":{"loc":{"start":{"line":120,"column":2},"end":{"line":125,"column":3}},"type":"if","locations":[{"start":{"line":120,"column":2},"end":{"line":125,"column":3}},{"start":{"line":120,"column":2},"end":{"line":125,"column":3}}],"line":120},"21":{"loc":{"start":{"line":120,"column":6},"end":{"line":120,"column":33}},"type":"binary-expr","locations":[{"start":{"line":120,"column":6},"end":{"line":120,"column":11}},{"start":{"line":120,"column":15},"end":{"line":120,"column":33}}],"line":120},"22":{"loc":{"start":{"line":127,"column":2},"end":{"line":132,"column":3}},"type":"if","locations":[{"start":{"line":127,"column":2},"end":{"line":132,"column":3}},{"start":{"line":127,"column":2},"end":{"line":132,"column":3}}],"line":127},"23":{"loc":{"start":{"line":127,"column":6},"end":{"line":127,"column":47}},"type":"binary-expr","locations":[{"start":{"line":127,"column":6},"end":{"line":127,"column":18}},{"start":{"line":127,"column":22},"end":{"line":127,"column":47}}],"line":127},"24":{"loc":{"start":{"line":134,"column":2},"end":{"line":139,"column":3}},"type":"if","locations":[{"start":{"line":134,"column":2},"end":{"line":139,"column":3}},{"start":{"line":134,"column":2},"end":{"line":139,"column":3}}],"line":134},"25":{"loc":{"start":{"line":141,"column":2},"end":{"line":146,"column":3}},"type":"if","locations":[{"start":{"line":141,"column":2},"end":{"line":146,"column":3}},{"start":{"line":141,"column":2},"end":{"line":146,"column":3}}],"line":141},"26":{"loc":{"start":{"line":141,"column":6},"end":{"line":141,"column":33}},"type":"binary-expr","locations":[{"start":{"line":141,"column":6},"end":{"line":141,"column":11}},{"start":{"line":141,"column":15},"end":{"line":141,"column":33}}],"line":141},"27":{"loc":{"start":{"line":148,"column":2},"end":{"line":153,"column":3}},"type":"if","locations":[{"start":{"line":148,"column":2},"end":{"line":153,"column":3}},{"start":{"line":148,"column":2},"end":{"line":153,"column":3}}],"line":148},"28":{"loc":{"start":{"line":155,"column":2},"end":{"line":160,"column":3}},"type":"if","locations":[{"start":{"line":155,"column":2},"end":{"line":160,"column":3}},{"start":{"line":155,"column":2},"end":{"line":160,"column":3}}],"line":155},"29":{"loc":{"start":{"line":170,"column":2},"end":{"line":175,"column":3}},"type":"if","locations":[{"start":{"line":170,"column":2},"end":{"line":175,"column":3}},{"start":{"line":170,"column":2},"end":{"line":175,"column":3}}],"line":170}},"s":{"0":1,"1":1,"2":1,"3":1,"4":1,"5":8,"6":8,"7":8,"8":8,"9":8,"10":8,"11":1,"12":7,"13":1,"14":6,"15":1,"16":5,"17":1,"18":4,"19":1,"20":3,"21":1,"22":2,"23":1,"24":1,"25":6,"26":6,"27":6,"28":6,"29":1,"30":5,"31":1,"32":4,"33":1,"34":1,"35":10,"36":10,"37":10,"38":10,"39":10,"40":10,"41":10,"42":10,"43":10,"44":1,"45":9,"46":1,"47":8,"48":1,"49":7,"50":1,"51":6,"52":1,"53":5,"54":1,"55":4,"56":1,"57":3,"58":1,"59":2,"60":1,"61":1,"62":1,"63":1,"64":1,"65":1,"66":0,"67":1,"68":1},"f":{"0":8,"1":6,"2":10,"3":1},"b":{"0":[1,7],"1":[8,7],"2":[1,6],"3":[7,6],"4":[1,5],"5":[6,5],"6":[1,4],"7":[5,4],"8":[1,3],"9":[1,2],"10":[1,5],"11":[6,5],"12":[1,4],"13":[5,4],"14":[1,9],"15":[10,9],"16":[1,8],"17":[9,8],"18":[1,7],"19":[8,7],"20":[1,6],"21":[7,6],"22":[1,5],"23":[6,5],"24":[1,4],"25":[1,3],"26":[4,3],"27":[1,2],"28":[1,1],"29":[0,1]},"_coverageSchema":"43e27e138ebf9cfc5966b082cf9a028302ed4184","hash":"c8974ec1d571af73a3101814499a615456dc2b18","contentHash":"941798f8811596f75c5f38030856b95bfa862a7cf50efb212aa912accc92fa9a"},"C:\\Users\\gwenbinya\\Desktop\\challenge3\\Property-Pro-Lite\\server\\src\\v1\\middlewares\\verify.js":{"path":"C:\\Users\\gwenbinya\\Desktop\\challenge3\\Property-Pro-Lite\\server\\src\\v1\\middlewares\\verify.js","statementMap":{"0":{"start":{"line":3,"column":0},"end":{"line":5,"column":3}},"1":{"start":{"line":6,"column":0},"end":{"line":6,"column":156}},"2":{"start":{"line":8,"column":20},"end":{"line":8,"column":67}},"3":{"start":{"line":10,"column":14},"end":{"line":10,"column":58}},"4":{"start":{"line":12,"column":39},"end":{"line":12,"column":95}},"5":{"start":{"line":14,"column":77},"end":{"line":14,"column":175}},"6":{"start":{"line":14,"column":94},"end":{"line":14,"column":107}},"7":{"start":{"line":14,"column":121},"end":{"line":14,"column":131}},"8":{"start":{"line":14,"column":151},"end":{"line":14,"column":165}},"9":{"start":{"line":14,"column":166},"end":{"line":14,"column":173}},"10":{"start":{"line":14,"column":176},"end":{"line":14,"column":263}},"11":{"start":{"line":14,"column":193},"end":{"line":14,"column":208}},"12":{"start":{"line":14,"column":218},"end":{"line":14,"column":261}},"13":{"start":{"line":16,"column":33},"end":{"line":16,"column":387}},"14":{"start":{"line":16,"column":65},"end":{"line":16,"column":69}},"15":{"start":{"line":16,"column":78},"end":{"line":16,"column":87}},"16":{"start":{"line":16,"column":89},"end":{"line":16,"column":384}},"17":{"start":{"line":16,"column":147},"end":{"line":16,"column":167}},"18":{"start":{"line":16,"column":193},"end":{"line":16,"column":264}},"19":{"start":{"line":16,"column":290},"end":{"line":16,"column":360}},"20":{"start":{"line":16,"column":363},"end":{"line":16,"column":380}},"21":{"start":{"line":18,"column":11},"end":{"line":18,"column":34}},"22":{"start":{"line":19,"column":15},"end":{"line":19,"column":42}},"23":{"start":{"line":23,"column":0},"end":{"line":76,"column":3}},"24":{"start":{"line":24,"column":13},"end":{"line":71,"column":5}},"25":{"start":{"line":28,"column":4},"end":{"line":70,"column":32}},"26":{"start":{"line":29,"column":6},"end":{"line":69,"column":7}},"27":{"start":{"line":30,"column":8},"end":{"line":68,"column":9}},"28":{"start":{"line":32,"column":12},"end":{"line":32,"column":35}},"29":{"start":{"line":33,"column":12},"end":{"line":33,"column":30}},"30":{"start":{"line":34,"column":12},"end":{"line":34,"column":30}},"31":{"start":{"line":35,"column":12},"end":{"line":35,"column":50}},"32":{"start":{"line":38,"column":12},"end":{"line":38,"column":33}},"33":{"start":{"line":40,"column":12},"end":{"line":43,"column":13}},"34":{"start":{"line":41,"column":14},"end":{"line":41,"column":32}},"35":{"start":{"line":42,"column":14},"end":{"line":42,"column":20}},"36":{"start":{"line":45,"column":12},"end":{"line":48,"column":16}},"37":{"start":{"line":51,"column":12},"end":{"line":51,"column":31}},"38":{"start":{"line":52,"column":12},"end":{"line":52,"column":18}},"39":{"start":{"line":55,"column":12},"end":{"line":55,"column":30}},"40":{"start":{"line":56,"column":12},"end":{"line":56,"column":47}},"41":{"start":{"line":57,"column":12},"end":{"line":60,"column":15}},"42":{"start":{"line":63,"column":12},"end":{"line":63,"column":19}},"43":{"start":{"line":67,"column":12},"end":{"line":67,"column":35}},"44":{"start":{"line":73,"column":2},"end":{"line":75,"column":4}},"45":{"start":{"line":74,"column":4},"end":{"line":74,"column":39}},"46":{"start":{"line":78,"column":0},"end":{"line":78,"column":38}},"47":{"start":{"line":82,"column":0},"end":{"line":122,"column":3}},"48":{"start":{"line":83,"column":14},"end":{"line":117,"column":5}},"49":{"start":{"line":87,"column":4},"end":{"line":116,"column":17}},"50":{"start":{"line":88,"column":6},"end":{"line":115,"column":7}},"51":{"start":{"line":89,"column":8},"end":{"line":114,"column":9}},"52":{"start":{"line":91,"column":12},"end":{"line":91,"column":35}},"53":{"start":{"line":92,"column":12},"end":{"line":92,"column":31}},"54":{"start":{"line":93,"column":12},"end":{"line":93,"column":50}},"55":{"start":{"line":96,"column":12},"end":{"line":96,"column":34}},"56":{"start":{"line":98,"column":12},"end":{"line":101,"column":13}},"57":{"start":{"line":99,"column":14},"end":{"line":99,"column":33}},"58":{"start":{"line":100,"column":14},"end":{"line":100,"column":20}},"59":{"start":{"line":103,"column":12},"end":{"line":106,"column":16}},"60":{"start":{"line":109,"column":12},"end":{"line":109,"column":19}},"61":{"start":{"line":113,"column":12},"end":{"line":113,"column":36}},"62":{"start":{"line":119,"column":2},"end":{"line":121,"column":4}},"63":{"start":{"line":120,"column":4},"end":{"line":120,"column":40}},"64":{"start":{"line":124,"column":0},"end":{"line":124,"column":48}},"65":{"start":{"line":126,"column":21},"end":{"line":148,"column":1}},"66":{"start":{"line":128,"column":14},"end":{"line":128,"column":40}},"67":{"start":{"line":130,"column":2},"end":{"line":135,"column":3}},"68":{"start":{"line":131,"column":4},"end":{"line":134,"column":7}},"69":{"start":{"line":137,"column":2},"end":{"line":147,"column":5}},"70":{"start":{"line":138,"column":4},"end":{"line":143,"column":5}},"71":{"start":{"line":139,"column":6},"end":{"line":142,"column":9}},"72":{"start":{"line":145,"column":4},"end":{"line":145,"column":26}},"73":{"start":{"line":146,"column":4},"end":{"line":146,"column":11}},"74":{"start":{"line":150,"column":0},"end":{"line":150,"column":40}},"75":{"start":{"line":154,"column":0},"end":{"line":209,"column":3}},"76":{"start":{"line":155,"column":14},"end":{"line":204,"column":5}},"77":{"start":{"line":160,"column":4},"end":{"line":203,"column":34}},"78":{"start":{"line":161,"column":6},"end":{"line":202,"column":7}},"79":{"start":{"line":162,"column":8},"end":{"line":201,"column":9}},"80":{"start":{"line":164,"column":12},"end":{"line":164,"column":47}},"81":{"start":{"line":165,"column":12},"end":{"line":165,"column":31}},"82":{"start":{"line":166,"column":12},"end":{"line":166,"column":31}},"83":{"start":{"line":167,"column":12},"end":{"line":167,"column":48}},"84":{"start":{"line":170,"column":12},"end":{"line":170,"column":35}},"85":{"start":{"line":171,"column":12},"end":{"line":171,"column":30}},"86":{"start":{"line":173,"column":12},"end":{"line":176,"column":13}},"87":{"start":{"line":174,"column":14},"end":{"line":174,"column":33}},"88":{"start":{"line":175,"column":14},"end":{"line":175,"column":20}},"89":{"start":{"line":178,"column":12},"end":{"line":181,"column":16}},"90":{"start":{"line":184,"column":12},"end":{"line":184,"column":32}},"91":{"start":{"line":185,"column":12},"end":{"line":185,"column":18}},"92":{"start":{"line":188,"column":12},"end":{"line":188,"column":32}},"93":{"start":{"line":189,"column":12},"end":{"line":189,"column":49}},"94":{"start":{"line":190,"column":12},"end":{"line":193,"column":16}},"95":{"start":{"line":196,"column":12},"end":{"line":196,"column":19}},"96":{"start":{"line":200,"column":12},"end":{"line":200,"column":36}},"97":{"start":{"line":206,"column":2},"end":{"line":208,"column":4}},"98":{"start":{"line":207,"column":4},"end":{"line":207,"column":40}},"99":{"start":{"line":211,"column":0},"end":{"line":211,"column":56}},"100":{"start":{"line":215,"column":0},"end":{"line":271,"column":3}},"101":{"start":{"line":216,"column":14},"end":{"line":266,"column":5}},"102":{"start":{"line":221,"column":4},"end":{"line":265,"column":34}},"103":{"start":{"line":222,"column":6},"end":{"line":264,"column":7}},"104":{"start":{"line":223,"column":8},"end":{"line":263,"column":9}},"105":{"start":{"line":225,"column":12},"end":{"line":225,"column":37}},"106":{"start":{"line":226,"column":12},"end":{"line":226,"column":47}},"107":{"start":{"line":227,"column":12},"end":{"line":227,"column":31}},"108":{"start":{"line":228,"column":12},"end":{"line":228,"column":31}},"109":{"start":{"line":229,"column":12},"end":{"line":229,"column":48}},"110":{"start":{"line":232,"column":12},"end":{"line":232,"column":35}},"111":{"start":{"line":233,"column":12},"end":{"line":233,"column":30}},"112":{"start":{"line":235,"column":12},"end":{"line":238,"column":13}},"113":{"start":{"line":236,"column":14},"end":{"line":236,"column":33}},"114":{"start":{"line":237,"column":14},"end":{"line":237,"column":20}},"115":{"start":{"line":240,"column":12},"end":{"line":243,"column":16}},"116":{"start":{"line":246,"column":12},"end":{"line":246,"column":32}},"117":{"start":{"line":247,"column":12},"end":{"line":247,"column":18}},"118":{"start":{"line":250,"column":12},"end":{"line":250,"column":32}},"119":{"start":{"line":251,"column":12},"end":{"line":251,"column":49}},"120":{"start":{"line":252,"column":12},"end":{"line":255,"column":16}},"121":{"start":{"line":258,"column":12},"end":{"line":258,"column":19}},"122":{"start":{"line":262,"column":12},"end":{"line":262,"column":36}},"123":{"start":{"line":268,"column":2},"end":{"line":270,"column":4}},"124":{"start":{"line":269,"column":4},"end":{"line":269,"column":40}},"125":{"start":{"line":273,"column":0},"end":{"line":273,"column":66}}},"fnMap":{"0":{"name":"_interopRequireDefault","decl":{"start":{"line":12,"column":9},"end":{"line":12,"column":31}},"loc":{"start":{"line":12,"column":37},"end":{"line":12,"column":97}},"line":12},"1":{"name":"asyncGeneratorStep","decl":{"start":{"line":14,"column":9},"end":{"line":14,"column":27}},"loc":{"start":{"line":14,"column":75},"end":{"line":14,"column":265}},"line":14},"2":{"name":"_asyncToGenerator","decl":{"start":{"line":16,"column":9},"end":{"line":16,"column":26}},"loc":{"start":{"line":16,"column":31},"end":{"line":16,"column":389}},"line":16},"3":{"name":"(anonymous_3)","decl":{"start":{"line":16,"column":40},"end":{"line":16,"column":41}},"loc":{"start":{"line":16,"column":52},"end":{"line":16,"column":386}},"line":16},"4":{"name":"(anonymous_4)","decl":{"start":{"line":16,"column":108},"end":{"line":16,"column":109}},"loc":{"start":{"line":16,"column":135},"end":{"line":16,"column":382}},"line":16},"5":{"name":"_next","decl":{"start":{"line":16,"column":178},"end":{"line":16,"column":183}},"loc":{"start":{"line":16,"column":191},"end":{"line":16,"column":266}},"line":16},"6":{"name":"_throw","decl":{"start":{"line":16,"column":276},"end":{"line":16,"column":282}},"loc":{"start":{"line":16,"column":288},"end":{"line":16,"column":362}},"line":16},"7":{"name":"(anonymous_7)","decl":{"start":{"line":23,"column":0},"end":{"line":23,"column":1}},"loc":{"start":{"line":23,"column":12},"end":{"line":76,"column":1}},"line":23},"8":{"name":"_callee","decl":{"start":{"line":26,"column":35},"end":{"line":26,"column":42}},"loc":{"start":{"line":26,"column":59},"end":{"line":71,"column":3}},"line":26},"9":{"name":"_callee$","decl":{"start":{"line":28,"column":44},"end":{"line":28,"column":52}},"loc":{"start":{"line":28,"column":63},"end":{"line":70,"column":5}},"line":28},"10":{"name":"verifyNewUser","decl":{"start":{"line":73,"column":18},"end":{"line":73,"column":31}},"loc":{"start":{"line":73,"column":46},"end":{"line":75,"column":3}},"line":73},"11":{"name":"(anonymous_11)","decl":{"start":{"line":82,"column":0},"end":{"line":82,"column":1}},"loc":{"start":{"line":82,"column":12},"end":{"line":122,"column":1}},"line":82},"12":{"name":"_callee2","decl":{"start":{"line":85,"column":35},"end":{"line":85,"column":43}},"loc":{"start":{"line":85,"column":60},"end":{"line":117,"column":3}},"line":85},"13":{"name":"_callee2$","decl":{"start":{"line":87,"column":44},"end":{"line":87,"column":53}},"loc":{"start":{"line":87,"column":65},"end":{"line":116,"column":5}},"line":87},"14":{"name":"verifyExistingUser","decl":{"start":{"line":119,"column":18},"end":{"line":119,"column":36}},"loc":{"start":{"line":119,"column":52},"end":{"line":121,"column":3}},"line":119},"15":{"name":"verifyAuthUser","decl":{"start":{"line":126,"column":30},"end":{"line":126,"column":44}},"loc":{"start":{"line":126,"column":61},"end":{"line":148,"column":1}},"line":126},"16":{"name":"(anonymous_16)","decl":{"start":{"line":137,"column":70},"end":{"line":137,"column":71}},"loc":{"start":{"line":137,"column":94},"end":{"line":147,"column":3}},"line":137},"17":{"name":"(anonymous_17)","decl":{"start":{"line":154,"column":0},"end":{"line":154,"column":1}},"loc":{"start":{"line":154,"column":12},"end":{"line":209,"column":1}},"line":154},"18":{"name":"_callee3","decl":{"start":{"line":157,"column":35},"end":{"line":157,"column":43}},"loc":{"start":{"line":157,"column":60},"end":{"line":204,"column":3}},"line":157},"19":{"name":"_callee3$","decl":{"start":{"line":160,"column":44},"end":{"line":160,"column":53}},"loc":{"start":{"line":160,"column":65},"end":{"line":203,"column":5}},"line":160},"20":{"name":"verifyExistingProperty","decl":{"start":{"line":206,"column":18},"end":{"line":206,"column":40}},"loc":{"start":{"line":206,"column":56},"end":{"line":208,"column":3}},"line":206},"21":{"name":"(anonymous_21)","decl":{"start":{"line":215,"column":0},"end":{"line":215,"column":1}},"loc":{"start":{"line":215,"column":12},"end":{"line":271,"column":1}},"line":215},"22":{"name":"_callee4","decl":{"start":{"line":218,"column":35},"end":{"line":218,"column":43}},"loc":{"start":{"line":218,"column":60},"end":{"line":266,"column":3}},"line":218},"23":{"name":"_callee4$","decl":{"start":{"line":221,"column":44},"end":{"line":221,"column":53}},"loc":{"start":{"line":221,"column":65},"end":{"line":265,"column":5}},"line":221},"24":{"name":"verifyPropertyBelongsToUser","decl":{"start":{"line":268,"column":18},"end":{"line":268,"column":45}},"loc":{"start":{"line":268,"column":64},"end":{"line":270,"column":3}},"line":268}},"branchMap":{"0":{"loc":{"start":{"line":12,"column":46},"end":{"line":12,"column":94}},"type":"cond-expr","locations":[{"start":{"line":12,"column":70},"end":{"line":12,"column":73}},{"start":{"line":12,"column":76},"end":{"line":12,"column":94}}],"line":12},"1":{"loc":{"start":{"line":12,"column":46},"end":{"line":12,"column":67}},"type":"binary-expr","locations":[{"start":{"line":12,"column":46},"end":{"line":12,"column":49}},{"start":{"line":12,"column":53},"end":{"line":12,"column":67}}],"line":12},"2":{"loc":{"start":{"line":14,"column":176},"end":{"line":14,"column":263}},"type":"if","locations":[{"start":{"line":14,"column":176},"end":{"line":14,"column":263}},{"start":{"line":14,"column":176},"end":{"line":14,"column":263}}],"line":14},"3":{"loc":{"start":{"line":30,"column":8},"end":{"line":68,"column":9}},"type":"switch","locations":[{"start":{"line":31,"column":10},"end":{"line":35,"column":50}},{"start":{"line":37,"column":10},"end":{"line":48,"column":16}},{"start":{"line":50,"column":10},"end":{"line":52,"column":18}},{"start":{"line":54,"column":10},"end":{"line":60,"column":15}},{"start":{"line":62,"column":10},"end":{"line":63,"column":19}},{"start":{"line":65,"column":10},"end":{"line":65,"column":18}},{"start":{"line":66,"column":10},"end":{"line":67,"column":35}}],"line":30},"4":{"loc":{"start":{"line":40,"column":12},"end":{"line":43,"column":13}},"type":"if","locations":[{"start":{"line":40,"column":12},"end":{"line":43,"column":13}},{"start":{"line":40,"column":12},"end":{"line":43,"column":13}}],"line":40},"5":{"loc":{"start":{"line":89,"column":8},"end":{"line":114,"column":9}},"type":"switch","locations":[{"start":{"line":90,"column":10},"end":{"line":93,"column":50}},{"start":{"line":95,"column":10},"end":{"line":106,"column":16}},{"start":{"line":108,"column":10},"end":{"line":109,"column":19}},{"start":{"line":111,"column":10},"end":{"line":111,"column":17}},{"start":{"line":112,"column":10},"end":{"line":113,"column":36}}],"line":89},"6":{"loc":{"start":{"line":98,"column":12},"end":{"line":101,"column":13}},"type":"if","locations":[{"start":{"line":98,"column":12},"end":{"line":101,"column":13}},{"start":{"line":98,"column":12},"end":{"line":101,"column":13}}],"line":98},"7":{"loc":{"start":{"line":130,"column":2},"end":{"line":135,"column":3}},"type":"if","locations":[{"start":{"line":130,"column":2},"end":{"line":135,"column":3}},{"start":{"line":130,"column":2},"end":{"line":135,"column":3}}],"line":130},"8":{"loc":{"start":{"line":138,"column":4},"end":{"line":143,"column":5}},"type":"if","locations":[{"start":{"line":138,"column":4},"end":{"line":143,"column":5}},{"start":{"line":138,"column":4},"end":{"line":143,"column":5}}],"line":138},"9":{"loc":{"start":{"line":162,"column":8},"end":{"line":201,"column":9}},"type":"switch","locations":[{"start":{"line":163,"column":10},"end":{"line":167,"column":48}},{"start":{"line":169,"column":10},"end":{"line":181,"column":16}},{"start":{"line":183,"column":10},"end":{"line":185,"column":18}},{"start":{"line":187,"column":10},"end":{"line":193,"column":16}},{"start":{"line":195,"column":10},"end":{"line":196,"column":19}},{"start":{"line":198,"column":10},"end":{"line":198,"column":18}},{"start":{"line":199,"column":10},"end":{"line":200,"column":36}}],"line":162},"10":{"loc":{"start":{"line":173,"column":12},"end":{"line":176,"column":13}},"type":"if","locations":[{"start":{"line":173,"column":12},"end":{"line":176,"column":13}},{"start":{"line":173,"column":12},"end":{"line":176,"column":13}}],"line":173},"11":{"loc":{"start":{"line":223,"column":8},"end":{"line":263,"column":9}},"type":"switch","locations":[{"start":{"line":224,"column":10},"end":{"line":229,"column":48}},{"start":{"line":231,"column":10},"end":{"line":243,"column":16}},{"start":{"line":245,"column":10},"end":{"line":247,"column":18}},{"start":{"line":249,"column":10},"end":{"line":255,"column":16}},{"start":{"line":257,"column":10},"end":{"line":258,"column":19}},{"start":{"line":260,"column":10},"end":{"line":260,"column":18}},{"start":{"line":261,"column":10},"end":{"line":262,"column":36}}],"line":223},"12":{"loc":{"start":{"line":235,"column":12},"end":{"line":238,"column":13}},"type":"if","locations":[{"start":{"line":235,"column":12},"end":{"line":238,"column":13}},{"start":{"line":235,"column":12},"end":{"line":238,"column":13}}],"line":235}},"s":{"0":1,"1":1,"2":1,"3":1,"4":2,"5":24,"6":24,"7":24,"8":0,"9":0,"10":24,"11":12,"12":12,"13":4,"14":12,"15":12,"16":12,"17":12,"18":24,"19":0,"20":12,"21":1,"22":1,"23":1,"24":1,"25":2,"26":6,"27":6,"28":2,"29":2,"30":2,"31":2,"32":2,"33":2,"34":0,"35":0,"36":2,"37":0,"38":0,"39":0,"40":0,"41":0,"42":0,"43":2,"44":1,"45":2,"46":1,"47":1,"48":1,"49":4,"50":9,"51":12,"52":4,"53":4,"54":4,"55":4,"56":4,"57":3,"58":3,"59":1,"60":3,"61":4,"62":1,"63":4,"64":1,"65":1,"66":16,"67":16,"68":2,"69":14,"70":14,"71":0,"72":14,"73":14,"74":1,"75":1,"76":1,"77":3,"78":6,"79":12,"80":3,"81":3,"82":3,"83":3,"84":3,"85":3,"86":3,"87":3,"88":3,"89":0,"90":3,"91":3,"92":0,"93":0,"94":0,"95":3,"96":3,"97":1,"98":3,"99":1,"100":1,"101":1,"102":3,"103":6,"104":12,"105":3,"106":3,"107":3,"108":3,"109":3,"110":3,"111":3,"112":3,"113":3,"114":3,"115":0,"116":3,"117":3,"118":0,"119":0,"120":0,"121":3,"122":3,"123":1,"124":3,"125":1},"f":{"0":2,"1":24,"2":4,"3":12,"4":12,"5":24,"6":0,"7":1,"8":2,"9":6,"10":2,"11":1,"12":4,"13":9,"14":4,"15":16,"16":14,"17":1,"18":3,"19":6,"20":3,"21":1,"22":3,"23":6,"24":3},"b":{"0":[1,1],"1":[2,2],"2":[12,12],"3":[2,2,0,0,0,0,2],"4":[0,2],"5":[4,4,3,3,4],"6":[3,1],"7":[2,14],"8":[0,14],"9":[3,3,3,0,3,3,3],"10":[3,0],"11":[3,3,3,0,3,3,3],"12":[3,0]},"_coverageSchema":"43e27e138ebf9cfc5966b082cf9a028302ed4184","hash":"ab5bff311f1818f45d194e8eedb93bd904999261","contentHash":"d30515b55b799ff44ac2462e8af9a8db2f528e0190b2bb204fdf66fda24ef406"},"C:\\Users\\gwenbinya\\Desktop\\challenge3\\Property-Pro-Lite\\server\\src\\v1\\models\\index.js":{"path":"C:\\Users\\gwenbinya\\Desktop\\challenge3\\Property-Pro-Lite\\server\\src\\v1\\models\\index.js","statementMap":{"0":{"start":{"line":3,"column":0},"end":{"line":5,"column":3}},"1":{"start":{"line":6,"column":0},"end":{"line":6,"column":28}},"2":{"start":{"line":8,"column":12},"end":{"line":8,"column":53}},"3":{"start":{"line":10,"column":16},"end":{"line":10,"column":61}},"4":{"start":{"line":12,"column":39},"end":{"line":12,"column":95}},"5":{"start":{"line":14,"column":13},"end":{"line":17,"column":1}},"6":{"start":{"line":18,"column":15},"end":{"line":18,"column":21}},"7":{"start":{"line":19,"column":0},"end":{"line":19,"column":30}}},"fnMap":{"0":{"name":"_interopRequireDefault","decl":{"start":{"line":12,"column":9},"end":{"line":12,"column":31}},"loc":{"start":{"line":12,"column":37},"end":{"line":12,"column":97}},"line":12}},"branchMap":{"0":{"loc":{"start":{"line":12,"column":46},"end":{"line":12,"column":94}},"type":"cond-expr","locations":[{"start":{"line":12,"column":70},"end":{"line":12,"column":73}},{"start":{"line":12,"column":76},"end":{"line":12,"column":94}}],"line":12},"1":{"loc":{"start":{"line":12,"column":46},"end":{"line":12,"column":67}},"type":"binary-expr","locations":[{"start":{"line":12,"column":46},"end":{"line":12,"column":49}},{"start":{"line":12,"column":53},"end":{"line":12,"column":67}}],"line":12}},"s":{"0":1,"1":1,"2":1,"3":1,"4":2,"5":1,"6":1,"7":1},"f":{"0":2},"b":{"0":[2,0],"1":[2,2]},"_coverageSchema":"43e27e138ebf9cfc5966b082cf9a028302ed4184","hash":"1f7553dd28924a312d6f54cadc54182416bb96de","contentHash":"1f35097db5dbc35668d8863e101b32e8f7ac666fe9e0d06352fcf026a8c3ea97"},"C:\\Users\\gwenbinya\\Desktop\\challenge3\\Property-Pro-Lite\\server\\src\\v1\\models\\User.js":{"path":"C:\\Users\\gwenbinya\\Desktop\\challenge3\\Property-Pro-Lite\\server\\src\\v1\\models\\User.js","statementMap":{"0":{"start":{"line":3,"column":0},"end":{"line":5,"column":3}},"1":{"start":{"line":6,"column":0},"end":{"line":6,"column":28}},"2":{"start":{"line":8,"column":16},"end":{"line":8,"column":75}},"3":{"start":{"line":10,"column":39},"end":{"line":10,"column":95}},"4":{"start":{"line":12,"column":77},"end":{"line":12,"column":175}},"5":{"start":{"line":12,"column":94},"end":{"line":12,"column":107}},"6":{"start":{"line":12,"column":121},"end":{"line":12,"column":131}},"7":{"start":{"line":12,"column":151},"end":{"line":12,"column":165}},"8":{"start":{"line":12,"column":166},"end":{"line":12,"column":173}},"9":{"start":{"line":12,"column":176},"end":{"line":12,"column":263}},"10":{"start":{"line":12,"column":193},"end":{"line":12,"column":208}},"11":{"start":{"line":12,"column":218},"end":{"line":12,"column":261}},"12":{"start":{"line":14,"column":33},"end":{"line":14,"column":387}},"13":{"start":{"line":14,"column":65},"end":{"line":14,"column":69}},"14":{"start":{"line":14,"column":78},"end":{"line":14,"column":87}},"15":{"start":{"line":14,"column":89},"end":{"line":14,"column":384}},"16":{"start":{"line":14,"column":147},"end":{"line":14,"column":167}},"17":{"start":{"line":14,"column":193},"end":{"line":14,"column":264}},"18":{"start":{"line":14,"column":290},"end":{"line":14,"column":360}},"19":{"start":{"line":14,"column":363},"end":{"line":14,"column":380}},"20":{"start":{"line":16,"column":50},"end":{"line":16,"column":151}},"21":{"start":{"line":16,"column":92},"end":{"line":16,"column":149}},"22":{"start":{"line":18,"column":44},"end":{"line":18,"column":315}},"23":{"start":{"line":18,"column":57},"end":{"line":18,"column":58}},"24":{"start":{"line":18,"column":102},"end":{"line":18,"column":110}},"25":{"start":{"line":18,"column":112},"end":{"line":18,"column":167}},"26":{"start":{"line":18,"column":168},"end":{"line":18,"column":199}},"27":{"start":{"line":18,"column":200},"end":{"line":18,"column":254}},"28":{"start":{"line":18,"column":227},"end":{"line":18,"column":254}},"29":{"start":{"line":18,"column":255},"end":{"line":18,"column":313}},"30":{"start":{"line":20,"column":62},"end":{"line":20,"column":131}},"31":{"start":{"line":20,"column":78},"end":{"line":20,"column":131}},"32":{"start":{"line":20,"column":132},"end":{"line":20,"column":193}},"33":{"start":{"line":20,"column":149},"end":{"line":20,"column":193}},"34":{"start":{"line":20,"column":194},"end":{"line":20,"column":213}},"35":{"start":{"line":24,"column":0},"end":{"line":115,"column":3}},"36":{"start":{"line":26,"column":4},"end":{"line":26,"column":32}},"37":{"start":{"line":29,"column":2},"end":{"line":112,"column":6}},"38":{"start":{"line":32,"column":6},"end":{"line":34,"column":9}},"39":{"start":{"line":33,"column":8},"end":{"line":33,"column":30}},"40":{"start":{"line":39,"column":6},"end":{"line":39,"column":22}},"41":{"start":{"line":44,"column":20},"end":{"line":70,"column":9}},"42":{"start":{"line":49,"column":8},"end":{"line":69,"column":20}},"43":{"start":{"line":50,"column":10},"end":{"line":68,"column":11}},"44":{"start":{"line":51,"column":12},"end":{"line":67,"column":13}},"45":{"start":{"line":53,"column":16},"end":{"line":53,"column":115}},"46":{"start":{"line":54,"column":16},"end":{"line":54,"column":118}},"47":{"start":{"line":55,"column":16},"end":{"line":55,"column":64}},"48":{"start":{"line":56,"column":16},"end":{"line":56,"column":34}},"49":{"start":{"line":57,"column":16},"end":{"line":57,"column":64}},"50":{"start":{"line":60,"column":16},"end":{"line":60,"column":38}},"51":{"start":{"line":61,"column":16},"end":{"line":61,"column":34}},"52":{"start":{"line":62,"column":16},"end":{"line":62,"column":55}},"53":{"start":{"line":66,"column":16},"end":{"line":66,"column":39}},"54":{"start":{"line":73,"column":8},"end":{"line":73,"column":46}},"55":{"start":{"line":76,"column":6},"end":{"line":76,"column":20}},"56":{"start":{"line":81,"column":25},"end":{"line":104,"column":9}},"57":{"start":{"line":86,"column":8},"end":{"line":103,"column":21}},"58":{"start":{"line":87,"column":10},"end":{"line":102,"column":11}},"59":{"start":{"line":88,"column":12},"end":{"line":101,"column":13}},"60":{"start":{"line":90,"column":16},"end":{"line":90,"column":35}},"61":{"start":{"line":91,"column":16},"end":{"line":91,"column":99}},"62":{"start":{"line":94,"column":16},"end":{"line":94,"column":39}},"63":{"start":{"line":95,"column":16},"end":{"line":95,"column":34}},"64":{"start":{"line":96,"column":16},"end":{"line":96,"column":56}},"65":{"start":{"line":100,"column":16},"end":{"line":100,"column":40}},"66":{"start":{"line":107,"column":8},"end":{"line":107,"column":51}},"67":{"start":{"line":110,"column":6},"end":{"line":110,"column":25}},"68":{"start":{"line":114,"column":2},"end":{"line":114,"column":14}},"69":{"start":{"line":117,"column":15},"end":{"line":117,"column":19}},"70":{"start":{"line":118,"column":0},"end":{"line":118,"column":30}}},"fnMap":{"0":{"name":"_interopRequireDefault","decl":{"start":{"line":10,"column":9},"end":{"line":10,"column":31}},"loc":{"start":{"line":10,"column":37},"end":{"line":10,"column":97}},"line":10},"1":{"name":"asyncGeneratorStep","decl":{"start":{"line":12,"column":9},"end":{"line":12,"column":27}},"loc":{"start":{"line":12,"column":75},"end":{"line":12,"column":265}},"line":12},"2":{"name":"_asyncToGenerator","decl":{"start":{"line":14,"column":9},"end":{"line":14,"column":26}},"loc":{"start":{"line":14,"column":31},"end":{"line":14,"column":389}},"line":14},"3":{"name":"(anonymous_3)","decl":{"start":{"line":14,"column":40},"end":{"line":14,"column":41}},"loc":{"start":{"line":14,"column":52},"end":{"line":14,"column":386}},"line":14},"4":{"name":"(anonymous_4)","decl":{"start":{"line":14,"column":108},"end":{"line":14,"column":109}},"loc":{"start":{"line":14,"column":135},"end":{"line":14,"column":382}},"line":14},"5":{"name":"_next","decl":{"start":{"line":14,"column":178},"end":{"line":14,"column":183}},"loc":{"start":{"line":14,"column":191},"end":{"line":14,"column":266}},"line":14},"6":{"name":"_throw","decl":{"start":{"line":14,"column":276},"end":{"line":14,"column":282}},"loc":{"start":{"line":14,"column":288},"end":{"line":14,"column":362}},"line":14},"7":{"name":"_classCallCheck","decl":{"start":{"line":16,"column":9},"end":{"line":16,"column":24}},"loc":{"start":{"line":16,"column":48},"end":{"line":16,"column":153}},"line":16},"8":{"name":"_defineProperties","decl":{"start":{"line":18,"column":9},"end":{"line":18,"column":26}},"loc":{"start":{"line":18,"column":42},"end":{"line":18,"column":317}},"line":18},"9":{"name":"_createClass","decl":{"start":{"line":20,"column":9},"end":{"line":20,"column":21}},"loc":{"start":{"line":20,"column":60},"end":{"line":20,"column":215}},"line":20},"10":{"name":"(anonymous_10)","decl":{"start":{"line":24,"column":0},"end":{"line":24,"column":1}},"loc":{"start":{"line":24,"column":12},"end":{"line":115,"column":1}},"line":24},"11":{"name":"User","decl":{"start":{"line":25,"column":11},"end":{"line":25,"column":15}},"loc":{"start":{"line":25,"column":18},"end":{"line":27,"column":3}},"line":25},"12":{"name":"findById","decl":{"start":{"line":31,"column":20},"end":{"line":31,"column":28}},"loc":{"start":{"line":31,"column":33},"end":{"line":35,"column":5}},"line":31},"13":{"name":"(anonymous_13)","decl":{"start":{"line":32,"column":29},"end":{"line":32,"column":30}},"loc":{"start":{"line":32,"column":45},"end":{"line":34,"column":7}},"line":32},"14":{"name":"remove","decl":{"start":{"line":38,"column":20},"end":{"line":38,"column":26}},"loc":{"start":{"line":38,"column":29},"end":{"line":40,"column":5}},"line":38},"15":{"name":"(anonymous_15)","decl":{"start":{"line":43,"column":11},"end":{"line":43,"column":12}},"loc":{"start":{"line":43,"column":23},"end":{"line":77,"column":5}},"line":43},"16":{"name":"_callee","decl":{"start":{"line":46,"column":39},"end":{"line":46,"column":46}},"loc":{"start":{"line":46,"column":53},"end":{"line":70,"column":7}},"line":46},"17":{"name":"_callee$","decl":{"start":{"line":49,"column":48},"end":{"line":49,"column":56}},"loc":{"start":{"line":49,"column":67},"end":{"line":69,"column":9}},"line":49},"18":{"name":"create","decl":{"start":{"line":72,"column":15},"end":{"line":72,"column":21}},"loc":{"start":{"line":72,"column":26},"end":{"line":74,"column":7}},"line":72},"19":{"name":"(anonymous_19)","decl":{"start":{"line":80,"column":11},"end":{"line":80,"column":12}},"loc":{"start":{"line":80,"column":23},"end":{"line":111,"column":5}},"line":80},"20":{"name":"_callee2","decl":{"start":{"line":83,"column":39},"end":{"line":83,"column":47}},"loc":{"start":{"line":83,"column":55},"end":{"line":104,"column":7}},"line":83},"21":{"name":"_callee2$","decl":{"start":{"line":86,"column":48},"end":{"line":86,"column":57}},"loc":{"start":{"line":86,"column":69},"end":{"line":103,"column":9}},"line":86},"22":{"name":"findByEmail","decl":{"start":{"line":106,"column":15},"end":{"line":106,"column":26}},"loc":{"start":{"line":106,"column":32},"end":{"line":108,"column":7}},"line":106}},"branchMap":{"0":{"loc":{"start":{"line":10,"column":46},"end":{"line":10,"column":94}},"type":"cond-expr","locations":[{"start":{"line":10,"column":70},"end":{"line":10,"column":73}},{"start":{"line":10,"column":76},"end":{"line":10,"column":94}}],"line":10},"1":{"loc":{"start":{"line":10,"column":46},"end":{"line":10,"column":67}},"type":"binary-expr","locations":[{"start":{"line":10,"column":46},"end":{"line":10,"column":49}},{"start":{"line":10,"column":53},"end":{"line":10,"column":67}}],"line":10},"2":{"loc":{"start":{"line":12,"column":176},"end":{"line":12,"column":263}},"type":"if","locations":[{"start":{"line":12,"column":176},"end":{"line":12,"column":263}},{"start":{"line":12,"column":176},"end":{"line":12,"column":263}}],"line":12},"3":{"loc":{"start":{"line":16,"column":50},"end":{"line":16,"column":151}},"type":"if","locations":[{"start":{"line":16,"column":50},"end":{"line":16,"column":151}},{"start":{"line":16,"column":50},"end":{"line":16,"column":151}}],"line":16},"4":{"loc":{"start":{"line":18,"column":136},"end":{"line":18,"column":166}},"type":"binary-expr","locations":[{"start":{"line":18,"column":136},"end":{"line":18,"column":157}},{"start":{"line":18,"column":161},"end":{"line":18,"column":166}}],"line":18},"5":{"loc":{"start":{"line":18,"column":200},"end":{"line":18,"column":254}},"type":"if","locations":[{"start":{"line":18,"column":200},"end":{"line":18,"column":254}},{"start":{"line":18,"column":200},"end":{"line":18,"column":254}}],"line":18},"6":{"loc":{"start":{"line":20,"column":62},"end":{"line":20,"column":131}},"type":"if","locations":[{"start":{"line":20,"column":62},"end":{"line":20,"column":131}},{"start":{"line":20,"column":62},"end":{"line":20,"column":131}}],"line":20},"7":{"loc":{"start":{"line":20,"column":132},"end":{"line":20,"column":193}},"type":"if","locations":[{"start":{"line":20,"column":132},"end":{"line":20,"column":193}},{"start":{"line":20,"column":132},"end":{"line":20,"column":193}}],"line":20},"8":{"loc":{"start":{"line":51,"column":12},"end":{"line":67,"column":13}},"type":"switch","locations":[{"start":{"line":52,"column":14},"end":{"line":57,"column":64}},{"start":{"line":59,"column":14},"end":{"line":62,"column":55}},{"start":{"line":64,"column":14},"end":{"line":64,"column":21}},{"start":{"line":65,"column":14},"end":{"line":66,"column":39}}],"line":51},"9":{"loc":{"start":{"line":88,"column":12},"end":{"line":101,"column":13}},"type":"switch","locations":[{"start":{"line":89,"column":14},"end":{"line":91,"column":99}},{"start":{"line":93,"column":14},"end":{"line":96,"column":56}},{"start":{"line":98,"column":14},"end":{"line":98,"column":21}},{"start":{"line":99,"column":14},"end":{"line":100,"column":40}}],"line":88}},"s":{"0":1,"1":1,"2":1,"3":1,"4":20,"5":20,"6":20,"7":0,"8":0,"9":20,"10":10,"11":10,"12":2,"13":10,"14":10,"15":10,"16":10,"17":20,"18":0,"19":10,"20":0,"21":0,"22":2,"23":2,"24":4,"25":4,"26":4,"27":4,"28":4,"29":4,"30":1,"31":1,"32":1,"33":1,"34":1,"35":1,"36":0,"37":1,"38":0,"39":0,"40":0,"41":1,"42":1,"43":3,"44":3,"45":1,"46":1,"47":1,"48":1,"49":1,"50":1,"51":1,"52":1,"53":1,"54":1,"55":1,"56":1,"57":9,"58":27,"59":27,"60":9,"61":9,"62":9,"63":9,"64":9,"65":9,"66":9,"67":1,"68":1,"69":1,"70":1},"f":{"0":1,"1":20,"2":2,"3":10,"4":10,"5":20,"6":0,"7":0,"8":2,"9":1,"10":1,"11":0,"12":0,"13":0,"14":0,"15":1,"16":1,"17":3,"18":1,"19":1,"20":9,"21":27,"22":9},"b":{"0":[1,0],"1":[1,1],"2":[10,10],"3":[0,0],"4":[4,4],"5":[4,0],"6":[1,0],"7":[1,0],"8":[1,1,0,1],"9":[9,9,0,9]},"_coverageSchema":"43e27e138ebf9cfc5966b082cf9a028302ed4184","hash":"ebebfaf87e9fdc5306c03a8bde7a6f42a8c2916f","contentHash":"deb33fcafc50713d682482ddc7429eb17796d98e84971c55f746830d71acaf59"},"C:\\Users\\gwenbinya\\Desktop\\challenge3\\Property-Pro-Lite\\server\\src\\db\\models\\configDB.js":{"path":"C:\\Users\\gwenbinya\\Desktop\\challenge3\\Property-Pro-Lite\\server\\src\\db\\models\\configDB.js","statementMap":{"0":{"start":{"line":3,"column":0},"end":{"line":5,"column":3}},"1":{"start":{"line":6,"column":0},"end":{"line":6,"column":28}},"2":{"start":{"line":8,"column":0},"end":{"line":8,"column":27}},"3":{"start":{"line":10,"column":10},"end":{"line":10,"column":47}},"4":{"start":{"line":12,"column":39},"end":{"line":12,"column":95}},"5":{"start":{"line":14,"column":11},"end":{"line":14,"column":30}},"6":{"start":{"line":24,"column":11},"end":{"line":26,"column":2}},"7":{"start":{"line":27,"column":0},"end":{"line":29,"column":3}},"8":{"start":{"line":28,"column":2},"end":{"line":28,"column":44}},"9":{"start":{"line":30,"column":15},"end":{"line":30,"column":19}},"10":{"start":{"line":31,"column":0},"end":{"line":31,"column":30}}},"fnMap":{"0":{"name":"_interopRequireDefault","decl":{"start":{"line":12,"column":9},"end":{"line":12,"column":31}},"loc":{"start":{"line":12,"column":37},"end":{"line":12,"column":97}},"line":12},"1":{"name":"(anonymous_1)","decl":{"start":{"line":27,"column":19},"end":{"line":27,"column":20}},"loc":{"start":{"line":27,"column":31},"end":{"line":29,"column":1}},"line":27}},"branchMap":{"0":{"loc":{"start":{"line":12,"column":46},"end":{"line":12,"column":94}},"type":"cond-expr","locations":[{"start":{"line":12,"column":70},"end":{"line":12,"column":73}},{"start":{"line":12,"column":76},"end":{"line":12,"column":94}}],"line":12},"1":{"loc":{"start":{"line":12,"column":46},"end":{"line":12,"column":67}},"type":"binary-expr","locations":[{"start":{"line":12,"column":46},"end":{"line":12,"column":49}},{"start":{"line":12,"column":53},"end":{"line":12,"column":67}}],"line":12}},"s":{"0":1,"1":1,"2":1,"3":1,"4":1,"5":1,"6":1,"7":1,"8":2,"9":1,"10":1},"f":{"0":1,"1":2},"b":{"0":[0,1],"1":[1,1]},"_coverageSchema":"43e27e138ebf9cfc5966b082cf9a028302ed4184","hash":"b9f718434e49ab391bdac5077c8fb6ce285c7555","contentHash":"3cd2c746c1377e237c4c6255a8e92e237bb5a3248b0206d938785f58fa335aff"},"C:\\Users\\gwenbinya\\Desktop\\challenge3\\Property-Pro-Lite\\server\\src\\v1\\models\\Property.js":{"path":"C:\\Users\\gwenbinya\\Desktop\\challenge3\\Property-Pro-Lite\\server\\src\\v1\\models\\Property.js","statementMap":{"0":{"start":{"line":3,"column":0},"end":{"line":5,"column":3}},"1":{"start":{"line":6,"column":0},"end":{"line":6,"column":28}},"2":{"start":{"line":8,"column":16},"end":{"line":8,"column":75}},"3":{"start":{"line":10,"column":39},"end":{"line":10,"column":95}},"4":{"start":{"line":12,"column":77},"end":{"line":12,"column":175}},"5":{"start":{"line":12,"column":94},"end":{"line":12,"column":107}},"6":{"start":{"line":12,"column":121},"end":{"line":12,"column":131}},"7":{"start":{"line":12,"column":151},"end":{"line":12,"column":165}},"8":{"start":{"line":12,"column":166},"end":{"line":12,"column":173}},"9":{"start":{"line":12,"column":176},"end":{"line":12,"column":263}},"10":{"start":{"line":12,"column":193},"end":{"line":12,"column":208}},"11":{"start":{"line":12,"column":218},"end":{"line":12,"column":261}},"12":{"start":{"line":14,"column":33},"end":{"line":14,"column":387}},"13":{"start":{"line":14,"column":65},"end":{"line":14,"column":69}},"14":{"start":{"line":14,"column":78},"end":{"line":14,"column":87}},"15":{"start":{"line":14,"column":89},"end":{"line":14,"column":384}},"16":{"start":{"line":14,"column":147},"end":{"line":14,"column":167}},"17":{"start":{"line":14,"column":193},"end":{"line":14,"column":264}},"18":{"start":{"line":14,"column":290},"end":{"line":14,"column":360}},"19":{"start":{"line":14,"column":363},"end":{"line":14,"column":380}},"20":{"start":{"line":16,"column":50},"end":{"line":16,"column":151}},"21":{"start":{"line":16,"column":92},"end":{"line":16,"column":149}},"22":{"start":{"line":18,"column":44},"end":{"line":18,"column":315}},"23":{"start":{"line":18,"column":57},"end":{"line":18,"column":58}},"24":{"start":{"line":18,"column":102},"end":{"line":18,"column":110}},"25":{"start":{"line":18,"column":112},"end":{"line":18,"column":167}},"26":{"start":{"line":18,"column":168},"end":{"line":18,"column":199}},"27":{"start":{"line":18,"column":200},"end":{"line":18,"column":254}},"28":{"start":{"line":18,"column":227},"end":{"line":18,"column":254}},"29":{"start":{"line":18,"column":255},"end":{"line":18,"column":313}},"30":{"start":{"line":20,"column":62},"end":{"line":20,"column":131}},"31":{"start":{"line":20,"column":78},"end":{"line":20,"column":131}},"32":{"start":{"line":20,"column":132},"end":{"line":20,"column":193}},"33":{"start":{"line":20,"column":149},"end":{"line":20,"column":193}},"34":{"start":{"line":20,"column":194},"end":{"line":20,"column":213}},"35":{"start":{"line":24,"column":0},"end":{"line":295,"column":3}},"36":{"start":{"line":26,"column":4},"end":{"line":26,"column":36}},"37":{"start":{"line":29,"column":2},"end":{"line":292,"column":6}},"38":{"start":{"line":32,"column":6},"end":{"line":34,"column":9}},"39":{"start":{"line":33,"column":8},"end":{"line":33,"column":33}},"40":{"start":{"line":39,"column":6},"end":{"line":39,"column":27}},"41":{"start":{"line":44,"column":20},"end":{"line":70,"column":9}},"42":{"start":{"line":49,"column":8},"end":{"line":69,"column":20}},"43":{"start":{"line":50,"column":10},"end":{"line":68,"column":11}},"44":{"start":{"line":51,"column":12},"end":{"line":67,"column":13}},"45":{"start":{"line":53,"column":16},"end":{"line":53,"column":213}},"46":{"start":{"line":54,"column":16},"end":{"line":54,"column":176}},"47":{"start":{"line":55,"column":16},"end":{"line":55,"column":98}},"48":{"start":{"line":56,"column":16},"end":{"line":56,"column":34}},"49":{"start":{"line":57,"column":16},"end":{"line":57,"column":64}},"50":{"start":{"line":60,"column":16},"end":{"line":60,"column":38}},"51":{"start":{"line":61,"column":16},"end":{"line":61,"column":34}},"52":{"start":{"line":62,"column":16},"end":{"line":62,"column":55}},"53":{"start":{"line":66,"column":16},"end":{"line":66,"column":39}},"54":{"start":{"line":73,"column":8},"end":{"line":73,"column":46}},"55":{"start":{"line":76,"column":6},"end":{"line":76,"column":20}},"56":{"start":{"line":82,"column":21},"end":{"line":106,"column":9}},"57":{"start":{"line":87,"column":8},"end":{"line":105,"column":21}},"58":{"start":{"line":88,"column":10},"end":{"line":104,"column":11}},"59":{"start":{"line":89,"column":12},"end":{"line":103,"column":13}},"60":{"start":{"line":91,"column":16},"end":{"line":91,"column":212}},"61":{"start":{"line":92,"column":16},"end":{"line":92,"column":35}},"62":{"start":{"line":93,"column":16},"end":{"line":93,"column":56}},"63":{"start":{"line":96,"column":16},"end":{"line":96,"column":39}},"64":{"start":{"line":97,"column":16},"end":{"line":97,"column":34}},"65":{"start":{"line":98,"column":16},"end":{"line":98,"column":56}},"66":{"start":{"line":102,"column":16},"end":{"line":102,"column":40}},"67":{"start":{"line":109,"column":8},"end":{"line":109,"column":47}},"68":{"start":{"line":112,"column":6},"end":{"line":112,"column":21}},"69":{"start":{"line":117,"column":35},"end":{"line":140,"column":9}},"70":{"start":{"line":122,"column":8},"end":{"line":139,"column":21}},"71":{"start":{"line":123,"column":10},"end":{"line":138,"column":11}},"72":{"start":{"line":124,"column":12},"end":{"line":137,"column":13}},"73":{"start":{"line":126,"column":16},"end":{"line":126,"column":35}},"74":{"start":{"line":127,"column":16},"end":{"line":127,"column":100}},"75":{"start":{"line":130,"column":16},"end":{"line":130,"column":39}},"76":{"start":{"line":131,"column":16},"end":{"line":131,"column":34}},"77":{"start":{"line":132,"column":16},"end":{"line":132,"column":56}},"78":{"start":{"line":136,"column":16},"end":{"line":136,"column":40}},"79":{"start":{"line":143,"column":8},"end":{"line":143,"column":61}},"80":{"start":{"line":146,"column":6},"end":{"line":146,"column":35}},"81":{"start":{"line":153,"column":21},"end":{"line":174,"column":9}},"82":{"start":{"line":157,"column":8},"end":{"line":173,"column":21}},"83":{"start":{"line":158,"column":10},"end":{"line":172,"column":11}},"84":{"start":{"line":159,"column":12},"end":{"line":171,"column":13}},"85":{"start":{"line":161,"column":16},"end":{"line":161,"column":35}},"86":{"start":{"line":162,"column":16},"end":{"line":162,"column":96}},"87":{"start":{"line":165,"column":16},"end":{"line":165,"column":38}},"88":{"start":{"line":166,"column":16},"end":{"line":166,"column":56}},"89":{"start":{"line":170,"column":16},"end":{"line":170,"column":40}},"90":{"start":{"line":177,"column":8},"end":{"line":177,"column":47}},"91":{"start":{"line":180,"column":6},"end":{"line":180,"column":21}},"92":{"start":{"line":186,"column":21},"end":{"line":211,"column":9}},"93":{"start":{"line":191,"column":8},"end":{"line":210,"column":21}},"94":{"start":{"line":192,"column":10},"end":{"line":209,"column":11}},"95":{"start":{"line":193,"column":12},"end":{"line":208,"column":13}},"96":{"start":{"line":195,"column":16},"end":{"line":195,"column":61}},"97":{"start":{"line":196,"column":16},"end":{"line":196,"column":30}},"98":{"start":{"line":197,"column":16},"end":{"line":197,"column":35}},"99":{"start":{"line":198,"column":16},"end":{"line":198,"column":64}},"100":{"start":{"line":201,"column":16},"end":{"line":201,"column":39}},"101":{"start":{"line":202,"column":16},"end":{"line":202,"column":34}},"102":{"start":{"line":203,"column":16},"end":{"line":203,"column":56}},"103":{"start":{"line":207,"column":16},"end":{"line":207,"column":40}},"104":{"start":{"line":214,"column":8},"end":{"line":214,"column":47}},"105":{"start":{"line":217,"column":6},"end":{"line":217,"column":21}},"106":{"start":{"line":223,"column":20},"end":{"line":248,"column":9}},"107":{"start":{"line":228,"column":8},"end":{"line":247,"column":21}},"108":{"start":{"line":229,"column":10},"end":{"line":246,"column":11}},"109":{"start":{"line":230,"column":12},"end":{"line":245,"column":13}},"110":{"start":{"line":232,"column":16},"end":{"line":232,"column":84}},"111":{"start":{"line":233,"column":16},"end":{"line":233,"column":37}},"112":{"start":{"line":234,"column":16},"end":{"line":234,"column":35}},"113":{"start":{"line":235,"column":16},"end":{"line":235,"column":64}},"114":{"start":{"line":238,"column":16},"end":{"line":238,"column":39}},"115":{"start":{"line":239,"column":16},"end":{"line":239,"column":34}},"116":{"start":{"line":240,"column":16},"end":{"line":240,"column":56}},"117":{"start":{"line":244,"column":16},"end":{"line":244,"column":40}},"118":{"start":{"line":251,"column":8},"end":{"line":251,"column":46}},"119":{"start":{"line":254,"column":6},"end":{"line":254,"column":20}},"120":{"start":{"line":259,"column":30},"end":{"line":284,"column":9}},"121":{"start":{"line":264,"column":8},"end":{"line":283,"column":21}},"122":{"start":{"line":265,"column":10},"end":{"line":282,"column":11}},"123":{"start":{"line":266,"column":12},"end":{"line":281,"column":13}},"124":{"start":{"line":268,"column":16},"end":{"line":268,"column":85}},"125":{"start":{"line":269,"column":16},"end":{"line":269,"column":38}},"126":{"start":{"line":270,"column":16},"end":{"line":270,"column":35}},"127":{"start":{"line":271,"column":16},"end":{"line":271,"column":64}},"128":{"start":{"line":274,"column":16},"end":{"line":274,"column":39}},"129":{"start":{"line":275,"column":16},"end":{"line":275,"column":34}},"130":{"start":{"line":276,"column":16},"end":{"line":276,"column":56}},"131":{"start":{"line":280,"column":16},"end":{"line":280,"column":40}},"132":{"start":{"line":287,"column":8},"end":{"line":287,"column":56}},"133":{"start":{"line":290,"column":6},"end":{"line":290,"column":30}},"134":{"start":{"line":294,"column":2},"end":{"line":294,"column":18}},"135":{"start":{"line":297,"column":15},"end":{"line":297,"column":23}},"136":{"start":{"line":298,"column":0},"end":{"line":298,"column":30}}},"fnMap":{"0":{"name":"_interopRequireDefault","decl":{"start":{"line":10,"column":9},"end":{"line":10,"column":31}},"loc":{"start":{"line":10,"column":37},"end":{"line":10,"column":97}},"line":10},"1":{"name":"asyncGeneratorStep","decl":{"start":{"line":12,"column":9},"end":{"line":12,"column":27}},"loc":{"start":{"line":12,"column":75},"end":{"line":12,"column":265}},"line":12},"2":{"name":"_asyncToGenerator","decl":{"start":{"line":14,"column":9},"end":{"line":14,"column":26}},"loc":{"start":{"line":14,"column":31},"end":{"line":14,"column":389}},"line":14},"3":{"name":"(anonymous_3)","decl":{"start":{"line":14,"column":40},"end":{"line":14,"column":41}},"loc":{"start":{"line":14,"column":52},"end":{"line":14,"column":386}},"line":14},"4":{"name":"(anonymous_4)","decl":{"start":{"line":14,"column":108},"end":{"line":14,"column":109}},"loc":{"start":{"line":14,"column":135},"end":{"line":14,"column":382}},"line":14},"5":{"name":"_next","decl":{"start":{"line":14,"column":178},"end":{"line":14,"column":183}},"loc":{"start":{"line":14,"column":191},"end":{"line":14,"column":266}},"line":14},"6":{"name":"_throw","decl":{"start":{"line":14,"column":276},"end":{"line":14,"column":282}},"loc":{"start":{"line":14,"column":288},"end":{"line":14,"column":362}},"line":14},"7":{"name":"_classCallCheck","decl":{"start":{"line":16,"column":9},"end":{"line":16,"column":24}},"loc":{"start":{"line":16,"column":48},"end":{"line":16,"column":153}},"line":16},"8":{"name":"_defineProperties","decl":{"start":{"line":18,"column":9},"end":{"line":18,"column":26}},"loc":{"start":{"line":18,"column":42},"end":{"line":18,"column":317}},"line":18},"9":{"name":"_createClass","decl":{"start":{"line":20,"column":9},"end":{"line":20,"column":21}},"loc":{"start":{"line":20,"column":60},"end":{"line":20,"column":215}},"line":20},"10":{"name":"(anonymous_10)","decl":{"start":{"line":24,"column":0},"end":{"line":24,"column":1}},"loc":{"start":{"line":24,"column":12},"end":{"line":295,"column":1}},"line":24},"11":{"name":"Property","decl":{"start":{"line":25,"column":11},"end":{"line":25,"column":19}},"loc":{"start":{"line":25,"column":22},"end":{"line":27,"column":3}},"line":25},"12":{"name":"findAllMyAds","decl":{"start":{"line":31,"column":20},"end":{"line":31,"column":32}},"loc":{"start":{"line":31,"column":37},"end":{"line":35,"column":5}},"line":31},"13":{"name":"(anonymous_13)","decl":{"start":{"line":32,"column":36},"end":{"line":32,"column":37}},"loc":{"start":{"line":32,"column":52},"end":{"line":34,"column":7}},"line":32},"14":{"name":"remove","decl":{"start":{"line":38,"column":20},"end":{"line":38,"column":26}},"loc":{"start":{"line":38,"column":29},"end":{"line":40,"column":5}},"line":38},"15":{"name":"(anonymous_15)","decl":{"start":{"line":43,"column":11},"end":{"line":43,"column":12}},"loc":{"start":{"line":43,"column":23},"end":{"line":77,"column":5}},"line":43},"16":{"name":"_callee","decl":{"start":{"line":46,"column":39},"end":{"line":46,"column":46}},"loc":{"start":{"line":46,"column":53},"end":{"line":70,"column":7}},"line":46},"17":{"name":"_callee$","decl":{"start":{"line":49,"column":48},"end":{"line":49,"column":56}},"loc":{"start":{"line":49,"column":67},"end":{"line":69,"column":9}},"line":49},"18":{"name":"create","decl":{"start":{"line":72,"column":15},"end":{"line":72,"column":21}},"loc":{"start":{"line":72,"column":26},"end":{"line":74,"column":7}},"line":72},"19":{"name":"(anonymous_19)","decl":{"start":{"line":81,"column":11},"end":{"line":81,"column":12}},"loc":{"start":{"line":81,"column":23},"end":{"line":113,"column":5}},"line":81},"20":{"name":"_callee2","decl":{"start":{"line":84,"column":39},"end":{"line":84,"column":47}},"loc":{"start":{"line":84,"column":50},"end":{"line":106,"column":7}},"line":84},"21":{"name":"_callee2$","decl":{"start":{"line":87,"column":48},"end":{"line":87,"column":57}},"loc":{"start":{"line":87,"column":69},"end":{"line":105,"column":9}},"line":87},"22":{"name":"findAll","decl":{"start":{"line":108,"column":15},"end":{"line":108,"column":22}},"loc":{"start":{"line":108,"column":25},"end":{"line":110,"column":7}},"line":108},"23":{"name":"(anonymous_23)","decl":{"start":{"line":116,"column":11},"end":{"line":116,"column":12}},"loc":{"start":{"line":116,"column":23},"end":{"line":147,"column":5}},"line":116},"24":{"name":"_callee3","decl":{"start":{"line":119,"column":39},"end":{"line":119,"column":47}},"loc":{"start":{"line":119,"column":54},"end":{"line":140,"column":7}},"line":119},"25":{"name":"_callee3$","decl":{"start":{"line":122,"column":48},"end":{"line":122,"column":57}},"loc":{"start":{"line":122,"column":69},"end":{"line":139,"column":9}},"line":122},"26":{"name":"findAdsOfSpecificType","decl":{"start":{"line":142,"column":15},"end":{"line":142,"column":36}},"loc":{"start":{"line":142,"column":42},"end":{"line":144,"column":7}},"line":142},"27":{"name":"(anonymous_27)","decl":{"start":{"line":152,"column":11},"end":{"line":152,"column":12}},"loc":{"start":{"line":152,"column":23},"end":{"line":181,"column":5}},"line":152},"28":{"name":"_callee4","decl":{"start":{"line":155,"column":39},"end":{"line":155,"column":47}},"loc":{"start":{"line":155,"column":52},"end":{"line":174,"column":7}},"line":155},"29":{"name":"_callee4$","decl":{"start":{"line":157,"column":48},"end":{"line":157,"column":57}},"loc":{"start":{"line":157,"column":69},"end":{"line":173,"column":9}},"line":157},"30":{"name":"findOne","decl":{"start":{"line":176,"column":15},"end":{"line":176,"column":22}},"loc":{"start":{"line":176,"column":28},"end":{"line":178,"column":7}},"line":176},"31":{"name":"(anonymous_31)","decl":{"start":{"line":185,"column":11},"end":{"line":185,"column":12}},"loc":{"start":{"line":185,"column":23},"end":{"line":218,"column":5}},"line":185},"32":{"name":"_callee5","decl":{"start":{"line":188,"column":39},"end":{"line":188,"column":47}},"loc":{"start":{"line":188,"column":52},"end":{"line":211,"column":7}},"line":188},"33":{"name":"_callee5$","decl":{"start":{"line":191,"column":48},"end":{"line":191,"column":57}},"loc":{"start":{"line":191,"column":69},"end":{"line":210,"column":9}},"line":191},"34":{"name":"_delete","decl":{"start":{"line":213,"column":15},"end":{"line":213,"column":22}},"loc":{"start":{"line":213,"column":28},"end":{"line":215,"column":7}},"line":213},"35":{"name":"(anonymous_35)","decl":{"start":{"line":222,"column":11},"end":{"line":222,"column":12}},"loc":{"start":{"line":222,"column":23},"end":{"line":255,"column":5}},"line":222},"36":{"name":"_callee6","decl":{"start":{"line":225,"column":39},"end":{"line":225,"column":47}},"loc":{"start":{"line":225,"column":59},"end":{"line":248,"column":7}},"line":225},"37":{"name":"_callee6$","decl":{"start":{"line":228,"column":48},"end":{"line":228,"column":57}},"loc":{"start":{"line":228,"column":69},"end":{"line":247,"column":9}},"line":228},"38":{"name":"update","decl":{"start":{"line":250,"column":15},"end":{"line":250,"column":21}},"loc":{"start":{"line":250,"column":32},"end":{"line":252,"column":7}},"line":250},"39":{"name":"(anonymous_39)","decl":{"start":{"line":258,"column":11},"end":{"line":258,"column":12}},"loc":{"start":{"line":258,"column":23},"end":{"line":291,"column":5}},"line":258},"40":{"name":"_callee7","decl":{"start":{"line":261,"column":39},"end":{"line":261,"column":47}},"loc":{"start":{"line":261,"column":52},"end":{"line":284,"column":7}},"line":261},"41":{"name":"_callee7$","decl":{"start":{"line":264,"column":48},"end":{"line":264,"column":57}},"loc":{"start":{"line":264,"column":69},"end":{"line":283,"column":9}},"line":264},"42":{"name":"markPropertySold","decl":{"start":{"line":286,"column":15},"end":{"line":286,"column":31}},"loc":{"start":{"line":286,"column":37},"end":{"line":288,"column":7}},"line":286}},"branchMap":{"0":{"loc":{"start":{"line":10,"column":46},"end":{"line":10,"column":94}},"type":"cond-expr","locations":[{"start":{"line":10,"column":70},"end":{"line":10,"column":73}},{"start":{"line":10,"column":76},"end":{"line":10,"column":94}}],"line":10},"1":{"loc":{"start":{"line":10,"column":46},"end":{"line":10,"column":67}},"type":"binary-expr","locations":[{"start":{"line":10,"column":46},"end":{"line":10,"column":49}},{"start":{"line":10,"column":53},"end":{"line":10,"column":67}}],"line":10},"2":{"loc":{"start":{"line":12,"column":176},"end":{"line":12,"column":263}},"type":"if","locations":[{"start":{"line":12,"column":176},"end":{"line":12,"column":263}},{"start":{"line":12,"column":176},"end":{"line":12,"column":263}}],"line":12},"3":{"loc":{"start":{"line":16,"column":50},"end":{"line":16,"column":151}},"type":"if","locations":[{"start":{"line":16,"column":50},"end":{"line":16,"column":151}},{"start":{"line":16,"column":50},"end":{"line":16,"column":151}}],"line":16},"4":{"loc":{"start":{"line":18,"column":136},"end":{"line":18,"column":166}},"type":"binary-expr","locations":[{"start":{"line":18,"column":136},"end":{"line":18,"column":157}},{"start":{"line":18,"column":161},"end":{"line":18,"column":166}}],"line":18},"5":{"loc":{"start":{"line":18,"column":200},"end":{"line":18,"column":254}},"type":"if","locations":[{"start":{"line":18,"column":200},"end":{"line":18,"column":254}},{"start":{"line":18,"column":200},"end":{"line":18,"column":254}}],"line":18},"6":{"loc":{"start":{"line":20,"column":62},"end":{"line":20,"column":131}},"type":"if","locations":[{"start":{"line":20,"column":62},"end":{"line":20,"column":131}},{"start":{"line":20,"column":62},"end":{"line":20,"column":131}}],"line":20},"7":{"loc":{"start":{"line":20,"column":132},"end":{"line":20,"column":193}},"type":"if","locations":[{"start":{"line":20,"column":132},"end":{"line":20,"column":193}},{"start":{"line":20,"column":132},"end":{"line":20,"column":193}}],"line":20},"8":{"loc":{"start":{"line":51,"column":12},"end":{"line":67,"column":13}},"type":"switch","locations":[{"start":{"line":52,"column":14},"end":{"line":57,"column":64}},{"start":{"line":59,"column":14},"end":{"line":62,"column":55}},{"start":{"line":64,"column":14},"end":{"line":64,"column":21}},{"start":{"line":65,"column":14},"end":{"line":66,"column":39}}],"line":51},"9":{"loc":{"start":{"line":89,"column":12},"end":{"line":103,"column":13}},"type":"switch","locations":[{"start":{"line":90,"column":14},"end":{"line":93,"column":56}},{"start":{"line":95,"column":14},"end":{"line":98,"column":56}},{"start":{"line":100,"column":14},"end":{"line":100,"column":21}},{"start":{"line":101,"column":14},"end":{"line":102,"column":40}}],"line":89},"10":{"loc":{"start":{"line":124,"column":12},"end":{"line":137,"column":13}},"type":"switch","locations":[{"start":{"line":125,"column":14},"end":{"line":127,"column":100}},{"start":{"line":129,"column":14},"end":{"line":132,"column":56}},{"start":{"line":134,"column":14},"end":{"line":134,"column":21}},{"start":{"line":135,"column":14},"end":{"line":136,"column":40}}],"line":124},"11":{"loc":{"start":{"line":159,"column":12},"end":{"line":171,"column":13}},"type":"switch","locations":[{"start":{"line":160,"column":14},"end":{"line":162,"column":96}},{"start":{"line":164,"column":14},"end":{"line":166,"column":56}},{"start":{"line":168,"column":14},"end":{"line":168,"column":21}},{"start":{"line":169,"column":14},"end":{"line":170,"column":40}}],"line":159},"12":{"loc":{"start":{"line":193,"column":12},"end":{"line":208,"column":13}},"type":"switch","locations":[{"start":{"line":194,"column":14},"end":{"line":198,"column":64}},{"start":{"line":200,"column":14},"end":{"line":203,"column":56}},{"start":{"line":205,"column":14},"end":{"line":205,"column":21}},{"start":{"line":206,"column":14},"end":{"line":207,"column":40}}],"line":193},"13":{"loc":{"start":{"line":230,"column":12},"end":{"line":245,"column":13}},"type":"switch","locations":[{"start":{"line":231,"column":14},"end":{"line":235,"column":64}},{"start":{"line":237,"column":14},"end":{"line":240,"column":56}},{"start":{"line":242,"column":14},"end":{"line":242,"column":21}},{"start":{"line":243,"column":14},"end":{"line":244,"column":40}}],"line":230},"14":{"loc":{"start":{"line":266,"column":12},"end":{"line":281,"column":13}},"type":"switch","locations":[{"start":{"line":267,"column":14},"end":{"line":271,"column":64}},{"start":{"line":273,"column":14},"end":{"line":276,"column":56}},{"start":{"line":278,"column":14},"end":{"line":278,"column":21}},{"start":{"line":279,"column":14},"end":{"line":280,"column":40}}],"line":266}},"s":{"0":1,"1":1,"2":1,"3":1,"4":24,"5":24,"6":24,"7":0,"8":0,"9":24,"10":12,"11":12,"12":7,"13":12,"14":12,"15":12,"16":12,"17":24,"18":0,"19":12,"20":0,"21":0,"22":2,"23":2,"24":9,"25":9,"26":9,"27":9,"28":9,"29":9,"30":1,"31":1,"32":1,"33":1,"34":1,"35":1,"36":0,"37":1,"38":0,"39":0,"40":0,"41":1,"42":1,"43":3,"44":3,"45":1,"46":1,"47":1,"48":1,"49":1,"50":1,"51":1,"52":1,"53":1,"54":1,"55":1,"56":1,"57":2,"58":6,"59":6,"60":2,"61":2,"62":2,"63":2,"64":2,"65":2,"66":2,"67":2,"68":1,"69":1,"70":0,"71":0,"72":0,"73":0,"74":0,"75":0,"76":0,"77":0,"78":0,"79":0,"80":1,"81":1,"82":6,"83":18,"84":18,"85":6,"86":6,"87":6,"88":6,"89":6,"90":6,"91":1,"92":1,"93":1,"94":3,"95":3,"96":1,"97":1,"98":1,"99":1,"100":1,"101":1,"102":1,"103":1,"104":1,"105":1,"106":1,"107":1,"108":3,"109":3,"110":1,"111":1,"112":1,"113":1,"114":1,"115":1,"116":1,"117":1,"118":1,"119":1,"120":1,"121":1,"122":3,"123":3,"124":1,"125":1,"126":1,"127":1,"128":1,"129":1,"130":1,"131":1,"132":1,"133":1,"134":1,"135":1,"136":1},"f":{"0":1,"1":24,"2":7,"3":12,"4":12,"5":24,"6":0,"7":0,"8":2,"9":1,"10":1,"11":0,"12":0,"13":0,"14":0,"15":1,"16":1,"17":3,"18":1,"19":1,"20":2,"21":6,"22":2,"23":1,"24":0,"25":0,"26":0,"27":1,"28":6,"29":18,"30":6,"31":1,"32":1,"33":3,"34":1,"35":1,"36":1,"37":3,"38":1,"39":1,"40":1,"41":3,"42":1},"b":{"0":[1
[...]
"column":12},"end":{"line":148,"column":31}},"70":{"start":{"line":149,"column":12},"end":{"line":149,"column":31}},"71":{"start":{"line":150,"column":12},"end":{"line":150,"column":56}},"72":{"start":{"line":153,"column":12},"end":{"line":153,"column":40}},"73":{"start":{"line":155,"column":12},"end":{"line":158,"column":13}},"74":{"start":{"line":156,"column":14},"end":{"line":156,"column":33}},"75":{"start":{"line":157,"column":14},"end":{"line":157,"column":20}},"76":{"start":{"line":160,"column":12},"end":{"line":163,"column":16}},"77":{"start":{"line":166,"column":12},"end":{"line":169,"column":16}},"78":{"start":{"line":172,"column":12},"end":{"line":172,"column":32}},"79":{"start":{"line":173,"column":12},"end":{"line":173,"column":49}},"80":{"start":{"line":174,"column":12},"end":{"line":177,"column":16}},"81":{"start":{"line":181,"column":12},"end":{"line":181,"column":36}},"82":{"start":{"line":187,"column":2},"end":{"line":189,"column":4}},"83":{"start":{"line":188,"column":4},"end":{"line":188,"column":40}},"84":{"start":{"line":192,"column":0},"end":{"line":192,"column":54}},"85":{"start":{"line":194,"column":28},"end":{"line":212,"column":1}},"86":{"start":{"line":195,"column":19},"end":{"line":195,"column":40}},"87":{"start":{"line":197,"column":15},"end":{"line":197,"column":62}},"88":{"start":{"line":199,"column":2},"end":{"line":204,"column":3}},"89":{"start":{"line":200,"column":4},"end":{"line":203,"column":7}},"90":{"start":{"line":206,"column":2},"end":{"line":211,"column":3}},"91":{"start":{"line":207,"column":4},"end":{"line":210,"column":7}},"92":{"start":{"line":214,"column":0},"end":{"line":214,"column":54}},"93":{"start":{"line":218,"column":0},"end":{"line":268,"column":3}},"94":{"start":{"line":219,"column":14},"end":{"line":263,"column":5}},"95":{"start":{"line":223,"column":4},"end":{"line":262,"column":33}},"96":{"start":{"line":224,"column":6},"end":{"line":261,"column":7}},"97":{"start":{"line":225,"column":8},"end":{"line":260,"column":9}},"98":{"start":{"line":227,"column":12},"end":{"line":227,"column":47}},"99":{"start":{"line":228,"column":12},"end":{"line":228,"column":31}},"100":{"start":{"line":229,"column":12},"end":{"line":229,"column":31}},"101":{"start":{"line":230,"column":12},"end":{"line":230,"column":50}},"102":{"start":{"line":233,"column":12},"end":{"line":233,"column":36}},"103":{"start":{"line":235,"column":12},"end":{"line":238,"column":13}},"104":{"start":{"line":236,"column":14},"end":{"line":236,"column":33}},"105":{"start":{"line":237,"column":14},"end":{"line":237,"column":20}},"106":{"start":{"line":240,"column":12},"end":{"line":243,"column":16}},"107":{"start":{"line":246,"column":12},"end":{"line":246,"column":32}},"108":{"start":{"line":247,"column":12},"end":{"line":247,"column":18}},"109":{"start":{"line":250,"column":12},"end":{"line":250,"column":31}},"110":{"start":{"line":251,"column":12},"end":{"line":251,"column":49}},"111":{"start":{"line":252,"column":12},"end":{"line":255,"column":16}},"112":{"start":{"line":259,"column":12},"end":{"line":259,"column":36}},"113":{"start":{"line":265,"column":2},"end":{"line":267,"column":4}},"114":{"start":{"line":266,"column":4},"end":{"line":266,"column":40}},"115":{"start":{"line":270,"column":0},"end":{"line":270,"column":44}},"116":{"start":{"line":272,"column":17},"end":{"line":290,"column":1}},"117":{"start":{"line":273,"column":11},"end":{"line":273,"column":30}},"118":{"start":{"line":275,"column":19},"end":{"line":275,"column":63}},"119":{"start":{"line":277,"column":2},"end":{"line":282,"column":3}},"120":{"start":{"line":278,"column":4},"end":{"line":281,"column":7}},"121":{"start":{"line":284,"column":2},"end":{"line":289,"column":3}},"122":{"start":{"line":285,"column":4},"end":{"line":288,"column":7}},"123":{"start":{"line":292,"column":0},"end":{"line":292,"column":32}},"124":{"start":{"line":296,"column":0},"end":{"line":339,"column":3}},"125":{"start":{"line":297,"column":14},"end":{"line":334,"column":5}},"126":{"start":{"line":301,"column":4},"end":{"line":333,"column":33}},"127":{"start":{"line":302,"column":6},"end":{"line":332,"column":7}},"128":{"start":{"line":303,"column":8},"end":{"line":331,"column":9}},"129":{"start":{"line":305,"column":12},"end":{"line":305,"column":47}},"130":{"start":{"line":306,"column":12},"end":{"line":306,"column":35}},"131":{"start":{"line":307,"column":12},"end":{"line":307,"column":31}},"132":{"start":{"line":308,"column":12},"end":{"line":308,"column":31}},"133":{"start":{"line":309,"column":12},"end":{"line":309,"column":54}},"134":{"start":{"line":312,"column":12},"end":{"line":312,"column":36}},"135":{"start":{"line":313,"column":12},"end":{"line":316,"column":15}},"136":{"start":{"line":317,"column":12},"end":{"line":317,"column":32}},"137":{"start":{"line":318,"column":12},"end":{"line":318,"column":18}},"138":{"start":{"line":321,"column":12},"end":{"line":321,"column":31}},"139":{"start":{"line":322,"column":12},"end":{"line":322,"column":49}},"140":{"start":{"line":323,"column":12},"end":{"line":326,"column":16}},"141":{"start":{"line":330,"column":12},"end":{"line":330,"column":36}},"142":{"start":{"line":336,"column":2},"end":{"line":338,"column":4}},"143":{"start":{"line":337,"column":4},"end":{"line":337,"column":40}},"144":{"start":{"line":341,"column":0},"end":{"line":341,"column":40}},"145":{"start":{"line":345,"column":0},"end":{"line":387,"column":3}},"146":{"start":{"line":346,"column":14},"end":{"line":382,"column":5}},"147":{"start":{"line":350,"column":4},"end":{"line":381,"column":33}},"148":{"start":{"line":351,"column":6},"end":{"line":380,"column":7}},"149":{"start":{"line":352,"column":8},"end":{"line":379,"column":9}},"150":{"start":{"line":354,"column":12},"end":{"line":354,"column":47}},"151":{"start":{"line":355,"column":12},"end":{"line":355,"column":31}},"152":{"start":{"line":356,"column":12},"end":{"line":356,"column":31}},"153":{"start":{"line":357,"column":12},"end":{"line":357,"column":57}},"154":{"start":{"line":360,"column":12},"end":{"line":360,"column":36}},"155":{"start":{"line":361,"column":12},"end":{"line":364,"column":15}},"156":{"start":{"line":365,"column":12},"end":{"line":365,"column":32}},"157":{"start":{"line":366,"column":12},"end":{"line":366,"column":18}},"158":{"start":{"line":369,"column":12},"end":{"line":369,"column":31}},"159":{"start":{"line":370,"column":12},"end":{"line":370,"column":49}},"160":{"start":{"line":371,"column":12},"end":{"line":374,"column":16}},"161":{"start":{"line":378,"column":12},"end":{"line":378,"column":36}},"162":{"start":{"line":384,"column":2},"end":{"line":386,"column":4}},"163":{"start":{"line":385,"column":4},"end":{"line":385,"column":40}},"164":{"start":{"line":389,"column":0},"end":{"line":389,"column":44}}},"fnMap":{"0":{"name":"_interopRequireDefault","decl":{"start":{"line":10,"column":9},"end":{"line":10,"column":31}},"loc":{"start":{"line":10,"column":37},"end":{"line":10,"column":97}},"line":10},"1":{"name":"asyncGeneratorStep","decl":{"start":{"line":12,"column":9},"end":{"line":12,"column":27}},"loc":{"start":{"line":12,"column":75},"end":{"line":12,"column":265}},"line":12},"2":{"name":"_asyncToGenerator","decl":{"start":{"line":14,"column":9},"end":{"line":14,"column":26}},"loc":{"start":{"line":14,"column":31},"end":{"line":14,"column":389}},"line":14},"3":{"name":"(anonymous_3)","decl":{"start":{"line":14,"column":40},"end":{"line":14,"column":41}},"loc":{"start":{"line":14,"column":52},"end":{"line":14,"column":386}},"line":14},"4":{"name":"(anonymous_4)","decl":{"start":{"line":14,"column":108},"end":{"line":14,"column":109}},"loc":{"start":{"line":14,"column":135},"end":{"line":14,"column":382}},"line":14},"5":{"name":"_next","decl":{"start":{"line":14,"column":178},"end":{"line":14,"column":183}},"loc":{"start":{"line":14,"column":191},"end":{"line":14,"column":266}},"line":14},"6":{"name":"_throw","decl":{"start":{"line":14,"column":276},"end":{"line":14,"column":282}},"loc":{"start":{"line":14,"column":288},"end":{"line":14,"column":362}},"line":14},"7":{"name":"(anonymous_7)","decl":{"start":{"line":20,"column":0},"end":{"line":20,"column":1}},"loc":{"start":{"line":20,"column":12},"end":{"line":74,"column":1}},"line":20},"8":{"name":"_callee","decl":{"start":{"line":23,"column":35},"end":{"line":23,"column":42}},"loc":{"start":{"line":23,"column":53},"end":{"line":69,"column":3}},"line":23},"9":{"name":"_callee$","decl":{"start":{"line":26,"column":44},"end":{"line":26,"column":52}},"loc":{"start":{"line":26,"column":63},"end":{"line":68,"column":5}},"line":26},"10":{"name":"createPropertyAd","decl":{"start":{"line":71,"column":18},"end":{"line":71,"column":34}},"loc":{"start":{"line":71,"column":44},"end":{"line":73,"column":3}},"line":71},"11":{"name":"(anonymous_11)","decl":{"start":{"line":80,"column":0},"end":{"line":80,"column":1}},"loc":{"start":{"line":80,"column":12},"end":{"line":131,"column":1}},"line":80},"12":{"name":"_callee2","decl":{"start":{"line":83,"column":35},"end":{"line":83,"column":43}},"loc":{"start":{"line":83,"column":54},"end":{"line":126,"column":3}},"line":83},"13":{"name":"_callee2$","decl":{"start":{"line":85,"column":44},"end":{"line":85,"column":53}},"loc":{"start":{"line":85,"column":65},"end":{"line":125,"column":5}},"line":85},"14":{"name":"fetchAllProperties","decl":{"start":{"line":128,"column":18},"end":{"line":128,"column":36}},"loc":{"start":{"line":128,"column":47},"end":{"line":130,"column":3}},"line":128},"15":{"name":"(anonymous_15)","decl":{"start":{"line":137,"column":0},"end":{"line":137,"column":1}},"loc":{"start":{"line":137,"column":12},"end":{"line":190,"column":1}},"line":137},"16":{"name":"_callee3","decl":{"start":{"line":140,"column":35},"end":{"line":140,"column":43}},"loc":{"start":{"line":140,"column":54},"end":{"line":185,"column":3}},"line":140},"17":{"name":"_callee3$","decl":{"start":{"line":142,"column":44},"end":{"line":142,"column":53}},"loc":{"start":{"line":142,"column":65},"end":{"line":184,"column":5}},"line":142},"18":{"name":"findAdsOfSpecificType","decl":{"start":{"line":187,"column":18},"end":{"line":187,"column":39}},"loc":{"start":{"line":187,"column":50},"end":{"line":189,"column":3}},"line":187},"19":{"name":"fetchSpecificProperty","decl":{"start":{"line":194,"column":37},"end":{"line":194,"column":58}},"loc":{"start":{"line":194,"column":69},"end":{"line":212,"column":1}},"line":194},"20":{"name":"(anonymous_20)","decl":{"start":{"line":218,"column":0},"end":{"line":218,"column":1}},"loc":{"start":{"line":218,"column":12},"end":{"line":268,"column":1}},"line":218},"21":{"name":"_callee4","decl":{"start":{"line":221,"column":35},"end":{"line":221,"column":43}},"loc":{"start":{"line":221,"column":54},"end":{"line":263,"column":3}},"line":221},"22":{"name":"_callee4$","decl":{"start":{"line":223,"column":44},"end":{"line":223,"column":53}},"loc":{"start":{"line":223,"column":65},"end":{"line":262,"column":5}},"line":223},"23":{"name":"deletePropertyAd","decl":{"start":{"line":265,"column":18},"end":{"line":265,"column":34}},"loc":{"start":{"line":265,"column":45},"end":{"line":267,"column":3}},"line":265},"24":{"name":"fetchMyads","decl":{"start":{"line":272,"column":26},"end":{"line":272,"column":36}},"loc":{"start":{"line":272,"column":47},"end":{"line":290,"column":1}},"line":272},"25":{"name":"(anonymous_25)","decl":{"start":{"line":296,"column":0},"end":{"line":296,"column":1}},"loc":{"start":{"line":296,"column":12},"end":{"line":339,"column":1}},"line":296},"26":{"name":"_callee5","decl":{"start":{"line":299,"column":35},"end":{"line":299,"column":43}},"loc":{"start":{"line":299,"column":54},"end":{"line":334,"column":3}},"line":299},"27":{"name":"_callee5$","decl":{"start":{"line":301,"column":44},"end":{"line":301,"column":53}},"loc":{"start":{"line":301,"column":65},"end":{"line":333,"column":5}},"line":301},"28":{"name":"editPropertyAd","decl":{"start":{"line":336,"column":18},"end":{"line":336,"column":32}},"loc":{"start":{"line":336,"column":44},"end":{"line":338,"column":3}},"line":336},"29":{"name":"(anonymous_29)","decl":{"start":{"line":345,"column":0},"end":{"line":345,"column":1}},"loc":{"start":{"line":345,"column":12},"end":{"line":387,"column":1}},"line":345},"30":{"name":"_callee6","decl":{"start":{"line":348,"column":35},"end":{"line":348,"column":43}},"loc":{"start":{"line":348,"column":54},"end":{"line":382,"column":3}},"line":348},"31":{"name":"_callee6$","decl":{"start":{"line":350,"column":44},"end":{"line":350,"column":53}},"loc":{"start":{"line":350,"column":65},"end":{"line":381,"column":5}},"line":350},"32":{"name":"markPropertySold","decl":{"start":{"line":384,"column":18},"end":{"line":384,"column":34}},"loc":{"start":{"line":384,"column":47},"end":{"line":386,"column":3}},"line":384}},"branchMap":{"0":{"loc":{"start":{"line":10,"column":46},"end":{"line":10,"column":94}},"type":"cond-expr","locations":[{"start":{"line":10,"column":70},"end":{"line":10,"column":73}},{"start":{"line":10,"column":76},"end":{"line":10,"column":94}}],"line":10},"1":{"loc":{"start":{"line":10,"column":46},"end":{"line":10,"column":67}},"type":"binary-expr","locations":[{"start":{"line":10,"column":46},"end":{"line":10,"column":49}},{"start":{"line":10,"column":53},"end":{"line":10,"column":67}}],"line":10},"2":{"loc":{"start":{"line":12,"column":176},"end":{"line":12,"column":263}},"type":"if","locations":[{"start":{"line":12,"column":176},"end":{"line":12,"column":263}},{"start":{"line":12,"column":176},"end":{"line":12,"column":263}}],"line":12},"3":{"loc":{"start":{"line":28,"column":8},"end":{"line":66,"column":9}},"type":"switch","locations":[{"start":{"line":29,"column":10},"end":{"line":45,"column":15}},{"start":{"line":47,"column":10},"end":{"line":53,"column":16}},{"start":{"line":55,"column":10},"end":{"line":61,"column":16}},{"start":{"line":63,"column":10},"end":{"line":63,"column":18}},{"start":{"line":64,"column":10},"end":{"line":65,"column":35}}],"line":28},"4":{"loc":{"start":{"line":87,"column":8},"end":{"line":123,"column":9}},"type":"switch","locations":[{"start":{"line":88,"column":10},"end":{"line":91,"column":38}},{"start":{"line":93,"column":10},"end":{"line":104,"column":16}},{"start":{"line":106,"column":10},"end":{"line":110,"column":16}},{"start":{"line":112,"column":10},"end":{"line":118,"column":16}},{"start":{"line":120,"column":10},"end":{"line":120,"column":18}},{"start":{"line":121,"column":10},"end":{"line":122,"column":36}}],"line":87},"5":{"loc":{"start":{"line":96,"column":12},"end":{"line":99,"column":13}},"type":"if","locations":[{"start":{"line":96,"column":12},"end":{"line":99,"column":13}},{"start":{"line":96,"column":12},"end":{"line":99,"column":13}}],"line":96},"6":{"loc":{"start":{"line":144,"column":8},"end":{"line":182,"column":9}},"type":"switch","locations":[{"start":{"line":145,"column":10},"end":{"line":150,"column":56}},{"start":{"line":152,"column":10},"end":{"line":163,"column":16}},{"start":{"line":165,"column":10},"end":{"line":169,"column":16}},{"start":{"line":171,"column":10},"end":{"line":177,"column":16}},{"start":{"line":179,"column":10},"end":{"line":179,"column":18}},{"start":{"line":180,"column":10},"end":{"line":181,"column":36}}],"line":144},"7":{"loc":{"start":{"line":155,"column":12},"end":{"line":158,"column":13}},"type":"if","locations":[{"start":{"line":155,"column":12},"end":{"line":158,"column":13}},{"start":{"line":155,"column":12},"end":{"line":158,"column":13}}],"line":155},"8":{"loc":{"start":{"line":199,"column":2},"end":{"line":204,"column":3}},"type":"if","locations":[{"start":{"line":199,"column":2},"end":{"line":204,"column":3}},{"start":{"line":199,"column":2},"end":{"line":204,"column":3}}],"line":199},"9":{"loc":{"start":{"line":206,"column":2},"end":{"line":211,"column":3}},"type":"if","locations":[{"start":{"line":206,"column":2},"end":{"line":211,"column":3}},{"start":{"line":206,"column":2},"end":{"line":211,"column":3}}],"line":206},"10":{"loc":{"start":{"line":225,"column":8},"end":{"line":260,"column":9}},"type":"switch","locations":[{"start":{"line":226,"column":10},"end":{"line":230,"column":50}},{"start":{"line":232,"column":10},"end":{"line":243,"column":16}},{"start":{"line":245,"column":10},"end":{"line":247,"column":18}},{"start":{"line":249,"column":10},"end":{"line":255,"column":16}},{"start":{"line":257,"column":10},"end":{"line":257,"column":18}},{"start":{"line":258,"column":10},"end":{"line":259,"column":36}}],"line":225},"11":{"loc":{"start":{"line":235,"column":12},"end":{"line":238,"column":13}},"type":"if","locations":[{"start":{"line":235,"column":12},"end":{"line":238,"column":13}},{"start":{"line":235,"column":12},"end":{"line":238,"column":13}}],"line":235},"12":{"loc":{"start":{"line":277,"column":2},"end":{"line":282,"column":3}},"type":"if","locations":[{"start":{"line":277,"column":2},"end":{"line":282,"column":3}},{"start":{"line":277,"column":2},"end":{"line":282,"column":3}}],"line":277},"13":{"loc":{"start":{"line":284,"column":2},"end":{"line":289,"column":3}},"type":"if","locations":[{"start":{"line":284,"column":2},"end":{"line":289,"column":3}},{"start":{"line":284,"column":2},"end":{"line":289,"column":3}}],"line":284},"14":{"loc":{"start":{"line":303,"column":8},"end":{"line":331,"column":9}},"type":"switch","locations":[{"start":{"line":304,"column":10},"end":{"line":309,"column":54}},{"start":{"line":311,"column":10},"end":{"line":318,"column":18}},{"start":{"line":320,"column":10},"end":{"line":326,"column":16}},{"start":{"line":328,"column":10},"end":{"line":328,"column":18}},{"start":{"line":329,"column":10},"end":{"line":330,"column":36}}],"line":303},"15":{"loc":{"start":{"line":352,"column":8},"end":{"line":379,"column":9}},"type":"switch","locations":[{"start":{"line":353,"column":10},"end":{"line":357,"column":57}},{"start":{"line":359,"column":10},"end":{"line":366,"column":18}},{"start":{"line":368,"column":10},"end":{"line":374,"column":16}},{"start":{"line":376,"column":10},"end":{"line":376,"column":18}},{"start":{"line":377,"column":10},"end":{"line":378,"column":36}}],"line":352}},"s":{"0":1,"1":1,"2":1,"3":1,"4":12,"5":12,"6":12,"7":0,"8":0,"9":12,"10":6,"11":6,"12":6,"13":6,"14":6,"15":6,"16":6,"17":12,"18":0,"19":6,"20":1,"21":1,"22":1,"23":1,"24":3,"25":3,"26":1,"27":1,"28":1,"29":1,"30":1,"31":1,"32":1,"33":1,"34":0,"35":0,"36":0,"37":1,"38":1,"39":1,"40":1,"41":1,"42":1,"43":2,"44":6,"45":6,"46":2,"47":2,"48":2,"49":2,"50":2,"51":0,"52":0,"53":2,"54":0,"55":0,"56":0,"57":0,"58":2,"59":1,"60":2,"61":1,"62":1,"63":1,"64":0,"65":0,"66":0,"67":0,"68":0,"69":0,"70":0,"71":0,"72":0,"73":0,"74":0,"75":0,"76":0,"77":0,"78":0,"79":0,"80":0,"81":0,"82":1,"83":0,"84":1,"85":1,"86":0,"87":0,"88":0,"89":0,"90":0,"91":0,"92":1,"93":1,"94":1,"95":1,"96":3,"97":3,"98":1,"99":1,"100":1,"101":1,"102":1,"103":1,"104":0,"105":0,"106":1,"107":0,"108":0,"109":0,"110":0,"111":0,"112":1,"113":1,"114":1,"115":1,"116":1,"117":0,"118":0,"119":0,"120":0,"121":0,"122":0,"123":1,"124":1,"125":1,"126":1,"127":2,"128":3,"129":1,"130":1,"131":1,"132":1,"133":1,"134":1,"135":1,"136":1,"137":1,"138":0,"139":0,"140":0,"141":1,"142":1,"143":1,"144":1,"145":1,"146":1,"147":1,"148":2,"149":3,"150":1,"151":1,"152":1,"153":1,"154":1,"155":1,"156":1,"157":1,"158":0,"159":0,"160":0,"161":1,"162":1,"163":1,"164":1},"f":{"0":1,"1":12,"2":6,"3":6,"4":6,"5":12,"6":0,"7":1,"8":1,"9":3,"10":1,"11":1,"12":2,"13":6,"14":2,"15":1,"16":0,"17":0,"18":0,"19":0,"20":1,"21":1,"22":3,"23":1,"24":0,"25":1,"26":1,"27":2,"28":1,"29":1,"30":1,"31":2,"32":1},"b":{"0":[1,0],"1":[1,1],"2":[6,6],"3":[1,1,0,0,1],"4":[2,2,0,0,0,2],"5":[0,2],"6":[0,0,0,0,0,0],"7":[0,0],"8":[0,0],"9":[0,0],"10":[1,1,0,0,0,1],"11":[0,1],"12":[0,0],"13":[0,0],"14":[1,1,0,1,1],"15":[1,1,0,1,1]},"_coverageSchema":"43e27e138ebf9cfc5966b082cf9a028302ed4184","hash":"287647cd7dc788cf879f207a735772e135b537ad","contentHash":"c32e7dc7d0ba5843c309b20b9f1c5ae80fcaaa176622c90fbb83287e1817b5da"}}