TN:
SF:C:\Users\gwenbinya\Desktop\PPL\Property-Pro-Lite/env.js
FNF:0
FNH:0
DA:1,1
DA:3,1
LF:2
LH:2
BRF:0
BRH:0
end_of_record
TN:
SF:C:\Users\gwenbinya\Desktop\PPL\Property-Pro-Lite\server\src\v1/app.js
FN:8,(anonymous_1)
FN:17,(anonymous_2)
FNF:2
FNH:1
FNDA:0,(anonymous_1)
FNDA:1,(anonymous_2)
DA:1,1
DA:2,1
DA:4,1
DA:6,1
DA:8,1
DA:12,1
DA:14,1
DA:15,1
DA:17,1
DA:19,1
LF:10
LH:10
BRDA:12,0,0,1
BRDA:12,0,1,1
BRF:2
BRH:2
end_of_record
TN:
SF:C:\Users\gwenbinya\Desktop\PPL\Property-Pro-Lite\server\src\v1\controllers/property.js
FN:3,createPropertyAd
FN:29,fetchAllProperties
FN:37,findAdsOfSpecificType
FN:47,fetchSpecificProperty
FN:66,deletePropertyAd
FN:78,fetchMyads
FN:97,editPropertyAd
FN:102,(anonymous_8)
FN:108,(anonymous_9)
FN:121,markPropertySold
FNF:10
FNH:9
FNDA:1,createPropertyAd
FNDA:1,fetchAllProperties
FNDA:1,findAdsOfSpecificType
FNDA:2,fetchSpecificProperty
FNDA:1,deletePropertyAd
FNDA:2,fetchMyads
FNDA:1,editPropertyAd
FNDA:1,(anonymous_8)
FNDA:1,(anonymous_9)
FNDA:0,markPropertySold
DA:1,1
DA:3,1
DA:4,1
DA:5,1
DA:9,1
DA:11,1
DA:23,1
DA:29,1
DA:30,1
DA:31,1
DA:37,1
DA:38,1
DA:39,1
DA:40,1
DA:41,1
DA:47,1
DA:48,2
DA:49,2
DA:51,2
DA:52,1
DA:58,1
DA:59,1
DA:66,1
DA:67,1
DA:68,1
DA:70,1
DA:71,1
DA:78,1
DA:79,2
DA:80,2
DA:82,2
DA:83,1
DA:89,1
DA:90,1
DA:97,1
DA:98,1
DA:100,1
DA:102,1
DA:103,1
DA:104,1
DA:108,1
DA:109,1
DA:110,0
DA:114,1
DA:115,1
DA:121,1
DA:122,0
DA:123,0
DA:124,0
LF:49
LH:45
BRDA:51,0,0,1
BRDA:51,0,1,1
BRDA:58,1,0,1
BRDA:58,1,1,0
BRDA:70,2,0,1
BRDA:70,2,1,0
BRDA:82,3,0,1
BRDA:82,3,1,1
BRDA:89,4,0,1
BRDA:89,4,1,0
BRDA:103,5,0,1
BRDA:103,5,1,0
BRDA:109,6,0,0
BRDA:109,6,1,1
BRF:14
BRH:9
end_of_record
TN:
SF:C:\Users\gwenbinya\Desktop\PPL\Property-Pro-Lite\server\src\v1\controllers/user.js
FN:5,createNewUser
FN:43,authUser
FN:52,(anonymous_3)
FNF:3
FNH:3
FNDA:1,createNewUser
FNDA:2,authUser
FNDA:2,(anonymous_3)
DA:1,1
DA:2,1
DA:3,1
DA:5,1
DA:8,1
DA:11,1
DA:12,1
DA:13,1
DA:14,1
DA:17,1
DA:18,1
DA:20,1
DA:28,1
DA:29,1
DA:43,2
DA:44,2
DA:47,2
DA:48,2
DA:50,2
DA:52,2
DA:54,2
DA:56,2
DA:57,1
DA:58,1
DA:71,1
DA:72,1
LF:26
LH:26
BRDA:54,0,0,0
BRDA:54,0,1,2
BRDA:56,1,0,1
BRDA:56,1,1,1
BRDA:71,2,0,1
BRDA:71,2,1,0
BRF:6
BRH:4
end_of_record
TN:
SF:C:\Users\gwenbinya\Desktop\PPL\Property-Pro-Lite\server\src\v1\middlewares/cloudinary.js
FN:4,cloudinaryConfig
FNF:1
FNH:1
FNDA:11,cloudinaryConfig
DA:1,1
DA:2,1
DA:4,1
DA:5,11
DA:10,11
LF:5
LH:5
BRF:0
BRH:0
end_of_record
TN:
SF:C:\Users\gwenbinya\Desktop\PPL\Property-Pro-Lite\server\src\v1\middlewares/inputValidators.js
FN:4,signUpValidator
FN:54,loginValidator
FN:87,postPropertyAdValiadator
FN:159,editAdValidator
FNF:4
FNH:4
FNDA:8,signUpValidator
FNDA:6,loginValidator
FNDA:10,postPropertyAdValiadator
FNDA:1,editAdValidator
DA:1,1
DA:2,1
DA:4,8
DA:7,8
DA:10,8
DA:11,1
DA:17,7
DA:18,1
DA:24,6
DA:25,1
DA:31,5
DA:32,1
DA:39,4
DA:40,1
DA:45,3
DA:46,1
DA:51,2
DA:54,6
DA:55,6
DA:57,6
DA:58,1
DA:64,5
DA:65,1
DA:71,4
DA:72,1
DA:78,3
DA:79,1
DA:84,2
DA:87,10
DA:90,10
DA:93,10
DA:94,1
DA:100,9
DA:101,1
DA:107,8
DA:108,1
DA:114,7
DA:115,1
DA:121,6
DA:122,1
DA:129,5
DA:130,1
DA:136,4
DA:137,1
DA:143,3
DA:144,1
DA:150,2
DA:151,1
DA:156,1
DA:159,1
DA:160,1
DA:163,1
DA:164,1
DA:165,0
DA:172,1
DA:173,0
DA:174,0
DA:181,1
DA:182,0
DA:183,0
DA:189,1
LF:61
LH:56
BRDA:10,0,0,1
BRDA:10,0,1,7
BRDA:10,1,0,8
BRDA:10,1,1,7
BRDA:17,2,0,1
BRDA:17,2,1,6
BRDA:17,3,0,7
BRDA:17,3,1,6
BRDA:24,4,0,1
BRDA:24,4,1,5
BRDA:24,5,0,6
BRDA:24,5,1,5
BRDA:31,6,0,1
BRDA:31,6,1,4
BRDA:31,7,0,5
BRDA:31,7,1,4
BRDA:39,8,0,1
BRDA:39,8,1,3
BRDA:45,9,0,1
BRDA:45,9,1,2
BRDA:57,10,0,1
BRDA:57,10,1,5
BRDA:57,11,0,6
BRDA:57,11,1,5
BRDA:64,12,0,1
BRDA:64,12,1,4
BRDA:64,13,0,5
BRDA:64,13,1,4
BRDA:71,14,0,1
BRDA:71,14,1,3
BRDA:78,15,0,1
BRDA:78,15,1,2
BRDA:93,16,0,1
BRDA:93,16,1,9
BRDA:93,17,0,10
BRDA:93,17,1,9
BRDA:100,18,0,1
BRDA:100,18,1,8
BRDA:100,19,0,9
BRDA:100,19,1,8
BRDA:107,20,0,1
BRDA:107,20,1,7
BRDA:107,21,0,8
BRDA:107,21,1,7
BRDA:114,22,0,1
BRDA:114,22,1,6
BRDA:114,23,0,7
BRDA:114,23,1,6
BRDA:121,24,0,1
BRDA:121,24,1,5
BRDA:121,25,0,6
BRDA:121,25,1,5
BRDA:129,26,0,1
BRDA:129,26,1,4
BRDA:136,27,0,1
BRDA:136,27,1,3
BRDA:136,28,0,4
BRDA:136,28,1,3
BRDA:143,29,0,1
BRDA:143,29,1,2
BRDA:150,30,0,1
BRDA:150,30,1,1
BRDA:163,31,0,1
BRDA:163,31,1,0
BRDA:164,32,0,0
BRDA:164,32,1,1
BRDA:164,33,0,1
BRDA:164,33,1,1
BRDA:172,34,0,0
BRDA:172,34,1,1
BRDA:173,35,0,0
BRDA:173,35,1,0
BRDA:173,36,0,0
BRDA:173,36,1,0
BRDA:181,37,0,0
BRDA:181,37,1,1
BRDA:182,38,0,0
BRDA:182,38,1,0
BRF:78
BRH:68
end_of_record
TN:
SF:C:\Users\gwenbinya\Desktop\PPL\Property-Pro-Lite\server\src\v1\middlewares/multer.js
FN:8,imageFormatValidator
FN:27,fileFilter
FN:29,(anonymous_3)
FNF:3
FNH:3
FNDA:11,imageFormatValidator
FNDA:10,fileFilter
FNDA:10,(anonymous_3)
DA:1,1
DA:2,1
DA:4,1
DA:6,1
DA:8,1
DA:9,11
DA:10,10
DA:12,10
DA:15,10
DA:18,11
DA:21,1
DA:29,10
DA:30,10
DA:34,0
LF:14
LH:13
BRDA:9,0,0,10
BRDA:9,0,1,1
BRDA:10,1,0,10
BRDA:10,1,1,0
BRDA:15,2,0,0
BRDA:15,2,1,10
BRDA:15,3,0,10
BRDA:15,3,1,10
BRDA:29,4,0,10
BRDA:29,4,1,0
BRF:10
BRH:7
end_of_record
TN:
SF:C:\Users\gwenbinya\Desktop\PPL\Property-Pro-Lite\server\src\v1\middlewares/uploadImage.js
FN:6,dataUri
FN:8,uploadImage
FN:12,(anonymous_3)
FN:16,(anonymous_4)
FN:30,editImage
FN:34,(anonymous_6)
FN:38,(anonymous_7)
FNF:7
FNH:3
FNDA:10,dataUri
FNDA:11,uploadImage
FNDA:10,(anonymous_3)
FNDA:0,(anonymous_4)
FNDA:0,editImage
FNDA:0,(anonymous_6)
FNDA:0,(anonymous_7)
DA:1,1
DA:2,1
DA:3,1
DA:5,1
DA:6,10
DA:8,1
DA:9,11
DA:10,10
DA:11,10
DA:13,10
DA:14,10
DA:16,0
DA:22,11
DA:23,1
DA:30,1
DA:31,0
DA:32,0
DA:33,0
DA:35,0
DA:36,0
DA:38,0
LF:21
LH:14
BRDA:9,0,0,10
BRDA:9,0,1,1
BRDA:22,1,0,1
BRDA:22,1,1,10
BRDA:31,2,0,0
BRDA:31,2,1,0
BRF:6
BRH:4
end_of_record
TN:
SF:C:\Users\gwenbinya\Desktop\PPL\Property-Pro-Lite\server\src\v1\middlewares/verify.js
FN:4,verifyNewUser
FN:17,verifyExistingUser
FN:30,verifyAuthUser
FN:41,(anonymous_4)
FN:53,verifyExistingProperty
FN:65,verifyPropertyBelongsToUser
FNF:6
FNH:6
FNDA:2,verifyNewUser
FNDA:2,verifyExistingUser
FNDA:16,verifyAuthUser
FNDA:15,(anonymous_4)
FNDA:2,verifyExistingProperty
FNDA:2,verifyPropertyBelongsToUser
DA:1,1
DA:2,1
DA:4,1
DA:5,2
DA:7,2
DA:8,2
DA:9,1
DA:14,1
DA:17,1
DA:18,2
DA:20,2
DA:21,2
DA:22,0
DA:27,2
DA:30,1
DA:32,16
DA:34,16
DA:35,1
DA:41,15
DA:42,15
DA:43,0
DA:48,15
DA:49,15
DA:53,1
DA:54,2
DA:55,2
DA:56,2
DA:57,0
DA:62,2
DA:65,1
DA:66,2
DA:67,2
DA:68,2
DA:69,2
DA:70,0
DA:75,2
LF:36
LH:32
BRDA:8,0,0,1
BRDA:8,0,1,1
BRDA:21,1,0,0
BRDA:21,1,1,2
BRDA:34,2,0,1
BRDA:34,2,1,15
BRDA:42,3,0,0
BRDA:42,3,1,15
BRDA:56,4,0,0
BRDA:56,4,1,2
BRDA:69,5,0,0
BRDA:69,5,1,2
BRF:12
BRH:8
end_of_record
TN:
SF:C:\Users\gwenbinya\Desktop\PPL\Property-Pro-Lite\server\src\v1\models/Property.js
FN:5,Property
FN:10,findAll
FN:14,findAllMyAds
FN:15,(anonymous_12)
FN:18,findAdsOfSpecificType
FN:19,(anonymous_14)
FN:25,create
FN:47,findOne
FN:48,(anonymous_17)
FN:52,_delete
FN:54,(anonymous_19)
FN:60,update
FN:67,markPropertySold
FN:75,remove
FNF:14
FNH:12
FNDA:1,Property
FNDA:1,findAll
FNDA:2,findAllMyAds
FNDA:1,(anonymous_12)
FNDA:1,findAdsOfSpecificType
FNDA:0,(anonymous_14)
FNDA:5,create
FNDA:7,findOne
FNDA:6,(anonymous_17)
FNDA:1,_delete
FNDA:1,(anonymous_19)
FNDA:1,update
FNDA:0,markPropertySold
FNDA:20,remove
DA:1,1
DA:2,1
DA:5,1
DA:6,1
DA:11,1
DA:15,2
DA:19,1
DA:25,5
DA:26,5
DA:41,5
DA:43,5
DA:48,7
DA:54,1
DA:55,1
DA:56,1
DA:61,1
DA:62,1
DA:63,1
DA:64,1
DA:68,0
DA:69,0
DA:70,0
DA:72,0
DA:76,20
DA:80,1
LF:25
LH:21
BRDA:24,0,0,5
BRDA:24,0,1,0
BRF:2
BRH:1
end_of_record
TN:
SF:C:\Users\gwenbinya\Desktop\PPL\Property-Pro-Lite\server\src\v1\models/User.js
FN:4,User
FN:10,create
FN:22,findByEmail
FN:23,(anonymous_8)
FN:26,findById
FN:27,(anonymous_10)
FN:30,remove
FNF:7
FNH:5
FNDA:1,User
FNDA:7,create
FNDA:6,findByEmail
FNDA:5,(anonymous_8)
FNDA:0,findById
FNDA:0,(anonymous_10)
FNDA:14,remove
DA:1,1
DA:4,1
DA:5,1
DA:10,7
DA:11,7
DA:18,7
DA:19,7
DA:23,6
DA:27,0
DA:31,14
DA:35,1
LF:11
LH:10
BRF:0
BRH:0
end_of_record
TN:
SF:C:\Users\gwenbinya\Desktop\PPL\Property-Pro-Lite\server\src\v1\models/index.js
FNF:0
FNH:0
DA:1,1
DA:2,1
DA:4,1
DA:9,1
LF:4
LH:4
BRF:0
BRH:0
end_of_record
TN:
SF:C:\Users\gwenbinya\Desktop\PPL\Property-Pro-Lite\server\src\v1\routes/index.js
FNF:0
FNH:0
DA:1,1
DA:2,1
DA:4,1
DA:9,1
LF:4
LH:4
BRF:0
BRH:0
end_of_record
TN:
SF:C:\Users\gwenbinya\Desktop\PPL\Property-Pro-Lite\server\src\v1\routes/properties.js
FNF:0
FNH:0
DA:1,1
DA:2,1
DA:3,1
DA:4,1
DA:5,1
DA:15,1
DA:19,1
DA:21,1
DA:23,1
DA:24,1
DA:25,1
DA:28,1
DA:30,1
DA:31,1
DA:32,1
DA:33,1
DA:34,1
DA:36,1
LF:18
LH:18
BRF:0
BRH:0
end_of_record
TN:
SF:C:\Users\gwenbinya\Desktop\PPL\Property-Pro-Lite\server\src\v1\routes/users.js
FNF:0
FNH:0
DA:1,1
DA:2,1
DA:3,1
DA:4,1
DA:7,1
DA:9,1
DA:10,1
DA:13,1
LF:8
LH:8
BRF:0
BRH:0
end_of_record
TN:
SF:C:\Users\gwenbinya\Desktop\PPL\Property-Pro-Lite\server\src\v1\utils/authService.js
FN:4,generateToken
FNF:1
FNH:1
FNDA:5,generateToken
DA:1,1
DA:2,1
DA:4,1
DA:5,5
DA:10,5
DA:13,1
LF:6
LH:6
BRF:0
BRH:0
end_of_record
